14:13:28 **** Incremental Build of configuration Debug for project timer_IC_2 ****
make -j8 all 
make: Nothing to be done for 'all'.
14:13:31 **** Incremental Build of configuration Debug for project timer_IC_2 ****
make -j8 all 
make: Nothing to be done for 'all'.
14:14:36 **** Incremental Build of configuration Debug for project timer_IC_2 ****
make -j8 all 
make: Nothing to be done for 'all'.
14:15:36 **** Incremental Build of configuration Debug for project timer_IC_2 ****
make -j8 all 
make: Nothing to be done for 'all'.
14:15:37 **** Incremental Build of configuration Debug for project timer_IC_2 ****
make -j8 all 
make: Nothing to be done for 'all'.
14:15:43 **** Incremental Build of configuration Debug for project timer_IC_2 ****
make -j8 all 
make: Nothing to be done for 'all'.
14:17:42 **** Incremental Build of configuration Debug for project timer_IC_2 ****
make -j8 all 
Building file: ../Core/Src/main.c
Invoking: MCU GCC Compiler
C:\Users\aaron\Desktop\git_udemy_MCU2\My_workspace\timer_IC_2\Debug
arm-none-eabi-gcc -mcpu=cortex-m4 -mthumb -mfloat-abi=hard -mfpu=fpv4-sp-d16 -DUSE_HAL_DRIVER -DSTM32F446xx -I"C:/Users/aaron/Desktop/git_udemy_MCU2/My_workspace/timer_IC_2/Core/Inc" -I"C:/Users/aaron/Desktop/git_udemy_MCU2/My_workspace/timer_IC_2/Drivers/STM32F4xx_HAL_Driver/Inc" -I"C:/Users/aaron/Desktop/git_udemy_MCU2/My_workspace/timer_IC_2/Drivers/STM32F4xx_HAL_Driver/Inc/Legacy" -I"C:/Users/aaron/Desktop/git_udemy_MCU2/My_workspace/timer_IC_2/Drivers/CMSIS/Device/ST/STM32F4xx/Include" -I"C:/Users/aaron/Desktop/git_udemy_MCU2/My_workspace/timer_IC_2/Drivers/CMSIS/Include"  -O0 -g3 -Wall -fmessage-length=0 -ffunction-sections -c -fmessage-length=0 -MMD -MP -MF"Core/Src/main.d" -MT"Core/Src/main.o" -o "Core/Src/main.o" "../Core/Src/main.c"
../Core/Src/main.c: In function 'main':
../Core/Src/main.c:35:48: warning: implicit declaration of function 'abs' [-Wimplicit-function-declaration]
    inputSingalFreq = 1 / (PCLK1Period * (float)abs(CCR_values[1] - CCR_values[0]));
                                                ^~~
Finished building: ../Core/Src/main.c
 
Building target: timer_IC_2.elf
Invoking: MCU GCC Linker
arm-none-eabi-gcc -mcpu=cortex-m4 -mthumb -mfloat-abi=hard -mfpu=fpv4-sp-d16 -specs=nosys.specs -specs=nano.specs -T"../STM32F446RETx_FLASH.ld" -Wl,-Map=output.map -Wl,--gc-sections -o "timer_IC_2.elf" @"objects.list"   -lm
Finished building target: timer_IC_2.elf
 
make --no-print-directory post-build
Generating hex and Printing size information:
arm-none-eabi-objcopy -O ihex "timer_IC_2.elf" "timer_IC_2.hex"
arm-none-eabi-size "timer_IC_2.elf"
   text	   data	    bss	    dec	    hex	filename
   6008	     20	   1732	   7760	   1e50	timer_IC_2.elf
 
14:17:50 **** Incremental Build of configuration Debug for project timer_IC_2 ****
make -j8 all 
Building target: timer_IC_2.elf
Invoking: MCU GCC Linker
arm-none-eabi-gcc -mcpu=cortex-m4 -mthumb -mfloat-abi=hard -mfpu=fpv4-sp-d16 -specs=nosys.specs -specs=nano.specs -T"../STM32F446RETx_FLASH.ld" -Wl,-Map=output.map -Wl,--gc-sections -o "timer_IC_2.elf" @"objects.list"   -lm
Finished building target: timer_IC_2.elf
 
make --no-print-directory post-build
Generating hex and Printing size information:
arm-none-eabi-objcopy -O ihex "timer_IC_2.elf" "timer_IC_2.hex"
arm-none-eabi-size "timer_IC_2.elf"
   text	   data	    bss	    dec	    hex	filename
   6008	     20	   1732	   7760	   1e50	timer_IC_2.elf
 
14:18:06 **** Incremental Build of configuration Debug for project timer_IC_2 ****
make -j8 all 
make: Nothing to be done for 'all'.
14:19:19 **** Incremental Build of configuration Debug for project timer_IC_2 ****
make -j8 all 
Building file: ../Core/Src/msp.c
Invoking: MCU GCC Compiler
C:\Users\aaron\Desktop\git_udemy_MCU2\My_workspace\timer_IC_2\Debug
arm-none-eabi-gcc -mcpu=cortex-m4 -mthumb -mfloat-abi=hard -mfpu=fpv4-sp-d16 -DUSE_HAL_DRIVER -DSTM32F446xx -I"C:/Users/aaron/Desktop/git_udemy_MCU2/My_workspace/timer_IC_2/Core/Inc" -I"C:/Users/aaron/Desktop/git_udemy_MCU2/My_workspace/timer_IC_2/Drivers/STM32F4xx_HAL_Driver/Inc" -I"C:/Users/aaron/Desktop/git_udemy_MCU2/My_workspace/timer_IC_2/Drivers/STM32F4xx_HAL_Driver/Inc/Legacy" -I"C:/Users/aaron/Desktop/git_udemy_MCU2/My_workspace/timer_IC_2/Drivers/CMSIS/Device/ST/STM32F4xx/Include" -I"C:/Users/aaron/Desktop/git_udemy_MCU2/My_workspace/timer_IC_2/Drivers/CMSIS/Include"  -O0 -g3 -Wall -fmessage-length=0 -ffunction-sections -c -fmessage-length=0 -MMD -MP -MF"Core/Src/msp.d" -MT"Core/Src/msp.o" -o "Core/Src/msp.o" "../Core/Src/msp.c"
Finished building: ../Core/Src/msp.c
 
Building target: timer_IC_2.elf
Invoking: MCU GCC Linker
arm-none-eabi-gcc -mcpu=cortex-m4 -mthumb -mfloat-abi=hard -mfpu=fpv4-sp-d16 -specs=nosys.specs -specs=nano.specs -T"../STM32F446RETx_FLASH.ld" -Wl,-Map=output.map -Wl,--gc-sections -o "timer_IC_2.elf" @"objects.list"   -lm
Finished building target: timer_IC_2.elf
 
make --no-print-directory post-build
Generating hex and Printing size information:
arm-none-eabi-objcopy -O ihex "timer_IC_2.elf" "timer_IC_2.hex"
arm-none-eabi-size "timer_IC_2.elf"
   text	   data	    bss	    dec	    hex	filename
   6008	     20	   1732	   7760	   1e50	timer_IC_2.elf
 
14:22:18 **** Incremental Build of configuration Debug for project timer_IC_2 ****
make -j8 all 
Building file: ../Core/Src/main.c
Invoking: MCU GCC Compiler
C:\Users\aaron\Desktop\git_udemy_MCU2\My_workspace\timer_IC_2\Debug
arm-none-eabi-gcc -mcpu=cortex-m4 -mthumb -mfloat-abi=hard -mfpu=fpv4-sp-d16 -DUSE_HAL_DRIVER -DSTM32F446xx -I"C:/Users/aaron/Desktop/git_udemy_MCU2/My_workspace/timer_IC_2/Core/Inc" -I"C:/Users/aaron/Desktop/git_udemy_MCU2/My_workspace/timer_IC_2/Drivers/STM32F4xx_HAL_Driver/Inc" -I"C:/Users/aaron/Desktop/git_udemy_MCU2/My_workspace/timer_IC_2/Drivers/STM32F4xx_HAL_Driver/Inc/Legacy" -I"C:/Users/aaron/Desktop/git_udemy_MCU2/My_workspace/timer_IC_2/Drivers/CMSIS/Device/ST/STM32F4xx/Include" -I"C:/Users/aaron/Desktop/git_udemy_MCU2/My_workspace/timer_IC_2/Drivers/CMSIS/Include"  -O0 -g3 -Wall -fmessage-length=0 -ffunction-sections -c -fmessage-length=0 -MMD -MP -MF"Core/Src/main.d" -MT"Core/Src/main.o" -o "Core/Src/main.o" "../Core/Src/main.c"
../Core/Src/main.c: In function 'main':
../Core/Src/main.c:35:48: warning: implicit declaration of function 'abs' [-Wimplicit-function-declaration]
    inputSingalFreq = 1 / (PCLK1Period * (float)abs(CCR_values[1] - CCR_values[0]));
                                                ^~~
Finished building: ../Core/Src/main.c
 
Building target: timer_IC_2.elf
Invoking: MCU GCC Linker
arm-none-eabi-gcc -mcpu=cortex-m4 -mthumb -mfloat-abi=hard -mfpu=fpv4-sp-d16 -specs=nosys.specs -specs=nano.specs -T"../STM32F446RETx_FLASH.ld" -Wl,-Map=output.map -Wl,--gc-sections -o "timer_IC_2.elf" @"objects.list"   -lm
Finished building target: timer_IC_2.elf
 
make --no-print-directory post-build
Generating hex and Printing size information:
arm-none-eabi-objcopy -O ihex "timer_IC_2.elf" "timer_IC_2.hex"
arm-none-eabi-size "timer_IC_2.elf"
   text	   data	    bss	    dec	    hex	filename
   6008	     20	   1732	   7760	   1e50	timer_IC_2.elf
 
14:24:15 **** Incremental Build of configuration Debug for project timer_IC_2 ****
make -j8 all 
Building file: ../Core/Src/main.c
Invoking: MCU GCC Compiler
C:\Users\aaron\Desktop\git_udemy_MCU2\My_workspace\timer_IC_2\Debug
arm-none-eabi-gcc -mcpu=cortex-m4 -mthumb -mfloat-abi=hard -mfpu=fpv4-sp-d16 -DUSE_HAL_DRIVER -DSTM32F446xx -I"C:/Users/aaron/Desktop/git_udemy_MCU2/My_workspace/timer_IC_2/Core/Inc" -I"C:/Users/aaron/Desktop/git_udemy_MCU2/My_workspace/timer_IC_2/Drivers/STM32F4xx_HAL_Driver/Inc" -I"C:/Users/aaron/Desktop/git_udemy_MCU2/My_workspace/timer_IC_2/Drivers/STM32F4xx_HAL_Driver/Inc/Legacy" -I"C:/Users/aaron/Desktop/git_udemy_MCU2/My_workspace/timer_IC_2/Drivers/CMSIS/Device/ST/STM32F4xx/Include" -I"C:/Users/aaron/Desktop/git_udemy_MCU2/My_workspace/timer_IC_2/Drivers/CMSIS/Include"  -O0 -g3 -Wall -fmessage-length=0 -ffunction-sections -c -fmessage-length=0 -MMD -MP -MF"Core/Src/main.d" -MT"Core/Src/main.o" -o "Core/Src/main.o" "../Core/Src/main.c"
../Core/Src/main.c: In function 'main':
../Core/Src/main.c:35:48: warning: implicit declaration of function 'abs' [-Wimplicit-function-declaration]
    inputSingalFreq = 1 / (PCLK1Period * (float)abs(CCR_values[1] - CCR_values[0]));
                                                ^~~
Finished building: ../Core/Src/main.c
 
Building target: timer_IC_2.elf
Invoking: MCU GCC Linker
arm-none-eabi-gcc -mcpu=cortex-m4 -mthumb -mfloat-abi=hard -mfpu=fpv4-sp-d16 -specs=nosys.specs -specs=nano.specs -T"../STM32F446RETx_FLASH.ld" -Wl,-Map=output.map -Wl,--gc-sections -o "timer_IC_2.elf" @"objects.list"   -lm
Finished building target: timer_IC_2.elf
 
make --no-print-directory post-build
Generating hex and Printing size information:
arm-none-eabi-objcopy -O ihex "timer_IC_2.elf" "timer_IC_2.hex"
arm-none-eabi-size "timer_IC_2.elf"
   text	   data	    bss	    dec	    hex	filename
   6232	     20	   1732	   7984	   1f30	timer_IC_2.elf
 
14:24:51 **** Incremental Build of configuration Debug for project timer_IC_2 ****
make -j8 all 
Building file: ../Core/Src/main.c
Invoking: MCU GCC Compiler
C:\Users\aaron\Desktop\git_udemy_MCU2\My_workspace\timer_IC_2\Debug
arm-none-eabi-gcc -mcpu=cortex-m4 -mthumb -mfloat-abi=hard -mfpu=fpv4-sp-d16 -DUSE_HAL_DRIVER -DSTM32F446xx -I"C:/Users/aaron/Desktop/git_udemy_MCU2/My_workspace/timer_IC_2/Core/Inc" -I"C:/Users/aaron/Desktop/git_udemy_MCU2/My_workspace/timer_IC_2/Drivers/STM32F4xx_HAL_Driver/Inc" -I"C:/Users/aaron/Desktop/git_udemy_MCU2/My_workspace/timer_IC_2/Drivers/STM32F4xx_HAL_Driver/Inc/Legacy" -I"C:/Users/aaron/Desktop/git_udemy_MCU2/My_workspace/timer_IC_2/Drivers/CMSIS/Device/ST/STM32F4xx/Include" -I"C:/Users/aaron/Desktop/git_udemy_MCU2/My_workspace/timer_IC_2/Drivers/CMSIS/Include"  -O0 -g3 -Wall -fmessage-length=0 -ffunction-sections -c -fmessage-length=0 -MMD -MP -MF"Core/Src/main.d" -MT"Core/Src/main.o" -o "Core/Src/main.o" "../Core/Src/main.c"
../Core/Src/main.c: In function 'main':
../Core/Src/main.c:35:48: warning: implicit declaration of function 'abs' [-Wimplicit-function-declaration]
    inputSingalFreq = 1 / (PCLK1Period * (float)abs(CCR_values[1] - CCR_values[0]));
                                                ^~~
Finished building: ../Core/Src/main.c
 
Building target: timer_IC_2.elf
Invoking: MCU GCC Linker
arm-none-eabi-gcc -mcpu=cortex-m4 -mthumb -mfloat-abi=hard -mfpu=fpv4-sp-d16 -specs=nosys.specs -specs=nano.specs -T"../STM32F446RETx_FLASH.ld" -Wl,-Map=output.map -Wl,--gc-sections -o "timer_IC_2.elf" @"objects.list"   -lm
Finished building target: timer_IC_2.elf
 
make --no-print-directory post-build
Generating hex and Printing size information:
arm-none-eabi-objcopy -O ihex "timer_IC_2.elf" "timer_IC_2.hex"
arm-none-eabi-size "timer_IC_2.elf"
   text	   data	    bss	    dec	    hex	filename
   6232	     20	   1732	   7984	   1f30	timer_IC_2.elf
 
14:25:43 **** Incremental Build of configuration Debug for project timer_IC_2 ****
make -j8 all 
Building file: ../Core/Src/main.c
Invoking: MCU GCC Compiler
C:\Users\aaron\Desktop\git_udemy_MCU2\My_workspace\timer_IC_2\Debug
arm-none-eabi-gcc -mcpu=cortex-m4 -mthumb -mfloat-abi=hard -mfpu=fpv4-sp-d16 -DUSE_HAL_DRIVER -DSTM32F446xx -I"C:/Users/aaron/Desktop/git_udemy_MCU2/My_workspace/timer_IC_2/Core/Inc" -I"C:/Users/aaron/Desktop/git_udemy_MCU2/My_workspace/timer_IC_2/Drivers/STM32F4xx_HAL_Driver/Inc" -I"C:/Users/aaron/Desktop/git_udemy_MCU2/My_workspace/timer_IC_2/Drivers/STM32F4xx_HAL_Driver/Inc/Legacy" -I"C:/Users/aaron/Desktop/git_udemy_MCU2/My_workspace/timer_IC_2/Drivers/CMSIS/Device/ST/STM32F4xx/Include" -I"C:/Users/aaron/Desktop/git_udemy_MCU2/My_workspace/timer_IC_2/Drivers/CMSIS/Include"  -O0 -g3 -Wall -fmessage-length=0 -ffunction-sections -c -fmessage-length=0 -MMD -MP -MF"Core/Src/main.d" -MT"Core/Src/main.o" -o "Core/Src/main.o" "../Core/Src/main.c"
../Core/Src/main.c: In function 'main':
../Core/Src/main.c:35:48: warning: implicit declaration of function 'abs' [-Wimplicit-function-declaration]
    inputSingalFreq = 1 / (PCLK1Period * (float)abs(CCR_values[1] - CCR_values[0]));
                                                ^~~
Finished building: ../Core/Src/main.c
 
Building target: timer_IC_2.elf
Invoking: MCU GCC Linker
arm-none-eabi-gcc -mcpu=cortex-m4 -mthumb -mfloat-abi=hard -mfpu=fpv4-sp-d16 -specs=nosys.specs -specs=nano.specs -T"../STM32F446RETx_FLASH.ld" -Wl,-Map=output.map -Wl,--gc-sections -o "timer_IC_2.elf" @"objects.list"   -lm
Finished building target: timer_IC_2.elf
 
make --no-print-directory post-build
Generating hex and Printing size information:
arm-none-eabi-objcopy -O ihex "timer_IC_2.elf" "timer_IC_2.hex"
arm-none-eabi-size "timer_IC_2.elf"
   text	   data	    bss	    dec	    hex	filename
   6248	     20	   1732	   8000	   1f40	timer_IC_2.elf
 
14:33:38 **** Incremental Build of configuration Debug for project timer_IC_2 ****
make -j8 all 
Building file: ../Core/Src/main.c
Invoking: MCU GCC Compiler
C:\Users\aaron\Desktop\git_udemy_MCU2\My_workspace\timer_IC_2\Debug
arm-none-eabi-gcc -mcpu=cortex-m4 -mthumb -mfloat-abi=hard -mfpu=fpv4-sp-d16 -DUSE_HAL_DRIVER -DSTM32F446xx -I"C:/Users/aaron/Desktop/git_udemy_MCU2/My_workspace/timer_IC_2/Core/Inc" -I"C:/Users/aaron/Desktop/git_udemy_MCU2/My_workspace/timer_IC_2/Drivers/STM32F4xx_HAL_Driver/Inc" -I"C:/Users/aaron/Desktop/git_udemy_MCU2/My_workspace/timer_IC_2/Drivers/STM32F4xx_HAL_Driver/Inc/Legacy" -I"C:/Users/aaron/Desktop/git_udemy_MCU2/My_workspace/timer_IC_2/Drivers/CMSIS/Device/ST/STM32F4xx/Include" -I"C:/Users/aaron/Desktop/git_udemy_MCU2/My_workspace/timer_IC_2/Drivers/CMSIS/Include"  -O0 -g3 -Wall -fmessage-length=0 -ffunction-sections -c -fmessage-length=0 -MMD -MP -MF"Core/Src/main.d" -MT"Core/Src/main.o" -o "Core/Src/main.o" "../Core/Src/main.c"
../Core/Src/main.c: In function 'main':
../Core/Src/main.c:35:48: warning: implicit declaration of function 'abs' [-Wimplicit-function-declaration]
    inputSingalFreq = 1 / (PCLK1Period * (float)abs(CCR_values[1] - CCR_values[0]));
                                                ^~~
Finished building: ../Core/Src/main.c
 
Building target: timer_IC_2.elf
Invoking: MCU GCC Linker
arm-none-eabi-gcc -mcpu=cortex-m4 -mthumb -mfloat-abi=hard -mfpu=fpv4-sp-d16 -specs=nosys.specs -specs=nano.specs -T"../STM32F446RETx_FLASH.ld" -Wl,-Map=output.map -Wl,--gc-sections -o "timer_IC_2.elf" @"objects.list"   -lm
Finished building target: timer_IC_2.elf
 
make --no-print-directory post-build
Generating hex and Printing size information:
arm-none-eabi-objcopy -O ihex "timer_IC_2.elf" "timer_IC_2.hex"
arm-none-eabi-size "timer_IC_2.elf"
   text	   data	    bss	    dec	    hex	filename
   6252	     20	   1732	   8004	   1f44	timer_IC_2.elf
 
14:35:58 **** Incremental Build of configuration Debug for project timer_IC_2 ****
make -j8 all 
Building file: ../Core/Src/main.c
Invoking: MCU GCC Compiler
C:\Users\aaron\Desktop\git_udemy_MCU2\My_workspace\timer_IC_2\Debug
arm-none-eabi-gcc -mcpu=cortex-m4 -mthumb -mfloat-abi=hard -mfpu=fpv4-sp-d16 -DUSE_HAL_DRIVER -DSTM32F446xx -I"C:/Users/aaron/Desktop/git_udemy_MCU2/My_workspace/timer_IC_2/Core/Inc" -I"C:/Users/aaron/Desktop/git_udemy_MCU2/My_workspace/timer_IC_2/Drivers/STM32F4xx_HAL_Driver/Inc" -I"C:/Users/aaron/Desktop/git_udemy_MCU2/My_workspace/timer_IC_2/Drivers/STM32F4xx_HAL_Driver/Inc/Legacy" -I"C:/Users/aaron/Desktop/git_udemy_MCU2/My_workspace/timer_IC_2/Drivers/CMSIS/Device/ST/STM32F4xx/Include" -I"C:/Users/aaron/Desktop/git_udemy_MCU2/My_workspace/timer_IC_2/Drivers/CMSIS/Include"  -O0 -g3 -Wall -fmessage-length=0 -ffunction-sections -c -fmessage-length=0 -MMD -MP -MF"Core/Src/main.d" -MT"Core/Src/main.o" -o "Core/Src/main.o" "../Core/Src/main.c"
../Core/Src/main.c: In function 'main':
../Core/Src/main.c:35:48: warning: implicit declaration of function 'abs' [-Wimplicit-function-declaration]
    inputSingalFreq = 1 / (PCLK1Period * (float)abs(CCR_values[1] - CCR_values[0]));
                                                ^~~
Finished building: ../Core/Src/main.c
 
Building target: timer_IC_2.elf
Invoking: MCU GCC Linker
arm-none-eabi-gcc -mcpu=cortex-m4 -mthumb -mfloat-abi=hard -mfpu=fpv4-sp-d16 -specs=nosys.specs -specs=nano.specs -T"../STM32F446RETx_FLASH.ld" -Wl,-Map=output.map -Wl,--gc-sections -o "timer_IC_2.elf" @"objects.list"   -lm
Finished building target: timer_IC_2.elf
 
make --no-print-directory post-build
Generating hex and Printing size information:
arm-none-eabi-objcopy -O ihex "timer_IC_2.elf" "timer_IC_2.hex"
arm-none-eabi-size "timer_IC_2.elf"
   text	   data	    bss	    dec	    hex	filename
   6252	     20	   1732	   8004	   1f44	timer_IC_2.elf
 
14:36:29 **** Incremental Build of configuration Debug for project timer_IC_2 ****
make -j8 all 
Building file: ../Core/Src/main.c
Invoking: MCU GCC Compiler
C:\Users\aaron\Desktop\git_udemy_MCU2\My_workspace\timer_IC_2\Debug
arm-none-eabi-gcc -mcpu=cortex-m4 -mthumb -mfloat-abi=hard -mfpu=fpv4-sp-d16 -DUSE_HAL_DRIVER -DSTM32F446xx -I"C:/Users/aaron/Desktop/git_udemy_MCU2/My_workspace/timer_IC_2/Core/Inc" -I"C:/Users/aaron/Desktop/git_udemy_MCU2/My_workspace/timer_IC_2/Drivers/STM32F4xx_HAL_Driver/Inc" -I"C:/Users/aaron/Desktop/git_udemy_MCU2/My_workspace/timer_IC_2/Drivers/STM32F4xx_HAL_Driver/Inc/Legacy" -I"C:/Users/aaron/Desktop/git_udemy_MCU2/My_workspace/timer_IC_2/Drivers/CMSIS/Device/ST/STM32F4xx/Include" -I"C:/Users/aaron/Desktop/git_udemy_MCU2/My_workspace/timer_IC_2/Drivers/CMSIS/Include"  -O0 -g3 -Wall -fmessage-length=0 -ffunction-sections -c -fmessage-length=0 -MMD -MP -MF"Core/Src/main.d" -MT"Core/Src/main.o" -o "Core/Src/main.o" "../Core/Src/main.c"
../Core/Src/main.c: In function 'main':
../Core/Src/main.c:35:48: warning: implicit declaration of function 'abs' [-Wimplicit-function-declaration]
    inputSingalFreq = 1 / (PCLK1Period * (float)abs(CCR_values[1] - CCR_values[0]));
                                                ^~~
Finished building: ../Core/Src/main.c
 
Building target: timer_IC_2.elf
Invoking: MCU GCC Linker
arm-none-eabi-gcc -mcpu=cortex-m4 -mthumb -mfloat-abi=hard -mfpu=fpv4-sp-d16 -specs=nosys.specs -specs=nano.specs -T"../STM32F446RETx_FLASH.ld" -Wl,-Map=output.map -Wl,--gc-sections -o "timer_IC_2.elf" @"objects.list"   -lm
Finished building target: timer_IC_2.elf
 
make --no-print-directory post-build
Generating hex and Printing size information:
arm-none-eabi-objcopy -O ihex "timer_IC_2.elf" "timer_IC_2.hex"
arm-none-eabi-size "timer_IC_2.elf"
   text	   data	    bss	    dec	    hex	filename
   6256	     20	   1732	   8008	   1f48	timer_IC_2.elf
 
14:49:19 **** Incremental Build of configuration Debug for project timer_IC_2 ****
make -j8 all 
Building file: ../Core/Src/main.c
Invoking: MCU GCC Compiler
C:\Users\aaron\Desktop\git_udemy_MCU2\My_workspace\timer_IC_2\Debug
arm-none-eabi-gcc -mcpu=cortex-m4 -mthumb -mfloat-abi=hard -mfpu=fpv4-sp-d16 -DUSE_HAL_DRIVER -DSTM32F446xx -I"C:/Users/aaron/Desktop/git_udemy_MCU2/My_workspace/timer_IC_2/Core/Inc" -I"C:/Users/aaron/Desktop/git_udemy_MCU2/My_workspace/timer_IC_2/Drivers/STM32F4xx_HAL_Driver/Inc" -I"C:/Users/aaron/Desktop/git_udemy_MCU2/My_workspace/timer_IC_2/Drivers/STM32F4xx_HAL_Driver/Inc/Legacy" -I"C:/Users/aaron/Desktop/git_udemy_MCU2/My_workspace/timer_IC_2/Drivers/CMSIS/Device/ST/STM32F4xx/Include" -I"C:/Users/aaron/Desktop/git_udemy_MCU2/My_workspace/timer_IC_2/Drivers/CMSIS/Include"  -O0 -g3 -Wall -fmessage-length=0 -ffunction-sections -c -fmessage-length=0 -MMD -MP -MF"Core/Src/main.d" -MT"Core/Src/main.o" -o "Core/Src/main.o" "../Core/Src/main.c"
../Core/Src/main.c: In function 'main':
../Core/Src/main.c:35:48: warning: implicit declaration of function 'abs' [-Wimplicit-function-declaration]
    inputSingalFreq = 1 / (PCLK1Period * (float)abs(CCR_values[1] - CCR_values[0]));
                                                ^~~
Finished building: ../Core/Src/main.c
 
Building target: timer_IC_2.elf
Invoking: MCU GCC Linker
arm-none-eabi-gcc -mcpu=cortex-m4 -mthumb -mfloat-abi=hard -mfpu=fpv4-sp-d16 -specs=nosys.specs -specs=nano.specs -T"../STM32F446RETx_FLASH.ld" -Wl,-Map=output.map -Wl,--gc-sections -o "timer_IC_2.elf" @"objects.list"   -lm
Finished building target: timer_IC_2.elf
 
make --no-print-directory post-build
Generating hex and Printing size information:
arm-none-eabi-objcopy -O ihex "timer_IC_2.elf" "timer_IC_2.hex"
arm-none-eabi-size "timer_IC_2.elf"
   text	   data	    bss	    dec	    hex	filename
   6252	     20	   1732	   8004	   1f44	timer_IC_2.elf
 
15:36:50 **** Incremental Build of configuration Debug for project timer_IC_2 ****
make -j8 all 
Building file: ../Core/Src/main.c
Invoking: MCU GCC Compiler
C:\Users\aaron\Desktop\git_udemy_MCU2\My_workspace\timer_IC_2\Debug
arm-none-eabi-gcc -mcpu=cortex-m4 -mthumb -mfloat-abi=hard -mfpu=fpv4-sp-d16 -DUSE_HAL_DRIVER -DSTM32F446xx -I"C:/Users/aaron/Desktop/git_udemy_MCU2/My_workspace/timer_IC_2/Core/Inc" -I"C:/Users/aaron/Desktop/git_udemy_MCU2/My_workspace/timer_IC_2/Drivers/STM32F4xx_HAL_Driver/Inc" -I"C:/Users/aaron/Desktop/git_udemy_MCU2/My_workspace/timer_IC_2/Drivers/STM32F4xx_HAL_Driver/Inc/Legacy" -I"C:/Users/aaron/Desktop/git_udemy_MCU2/My_workspace/timer_IC_2/Drivers/CMSIS/Device/ST/STM32F4xx/Include" -I"C:/Users/aaron/Desktop/git_udemy_MCU2/My_workspace/timer_IC_2/Drivers/CMSIS/Include"  -O0 -g3 -Wall -fmessage-length=0 -ffunction-sections -c -fmessage-length=0 -MMD -MP -MF"Core/Src/main.d" -MT"Core/Src/main.o" -o "Core/Src/main.o" "../Core/Src/main.c"
../Core/Src/main.c: In function 'main':
../Core/Src/main.c:35:48: warning: implicit declaration of function 'abs' [-Wimplicit-function-declaration]
    inputSingalFreq = 1 / (PCLK1Period * (float)abs(CCR_values[1] - CCR_values[0]));
                                                ^~~
Finished building: ../Core/Src/main.c
 
Building target: timer_IC_2.elf
Invoking: MCU GCC Linker
arm-none-eabi-gcc -mcpu=cortex-m4 -mthumb -mfloat-abi=hard -mfpu=fpv4-sp-d16 -specs=nosys.specs -specs=nano.specs -T"../STM32F446RETx_FLASH.ld" -Wl,-Map=output.map -Wl,--gc-sections -o "timer_IC_2.elf" @"objects.list"   -lm
Finished building target: timer_IC_2.elf
 
make --no-print-directory post-build
Generating hex and Printing size information:
arm-none-eabi-objcopy -O ihex "timer_IC_2.elf" "timer_IC_2.hex"
arm-none-eabi-size "timer_IC_2.elf"
   text	   data	    bss	    dec	    hex	filename
   6252	     20	   1732	   8004	   1f44	timer_IC_2.elf
 
15:42:23 **** Incremental Build of configuration Debug for project timer_IC_2 ****
make -j8 all 
Building file: ../Core/Src/main.c
Invoking: MCU GCC Compiler
C:\Users\aaron\Desktop\git_udemy_MCU2\My_workspace\timer_IC_2\Debug
arm-none-eabi-gcc -mcpu=cortex-m4 -mthumb -mfloat-abi=hard -mfpu=fpv4-sp-d16 -DUSE_HAL_DRIVER -DSTM32F446xx -I"C:/Users/aaron/Desktop/git_udemy_MCU2/My_workspace/timer_IC_2/Core/Inc" -I"C:/Users/aaron/Desktop/git_udemy_MCU2/My_workspace/timer_IC_2/Drivers/STM32F4xx_HAL_Driver/Inc" -I"C:/Users/aaron/Desktop/git_udemy_MCU2/My_workspace/timer_IC_2/Drivers/STM32F4xx_HAL_Driver/Inc/Legacy" -I"C:/Users/aaron/Desktop/git_udemy_MCU2/My_workspace/timer_IC_2/Drivers/CMSIS/Device/ST/STM32F4xx/Include" -I"C:/Users/aaron/Desktop/git_udemy_MCU2/My_workspace/timer_IC_2/Drivers/CMSIS/Include"  -O0 -g3 -Wall -fmessage-length=0 -ffunction-sections -c -fmessage-length=0 -MMD -MP -MF"Core/Src/main.d" -MT"Core/Src/main.o" -o "Core/Src/main.o" "../Core/Src/main.c"
../Core/Src/main.c: In function 'main':
../Core/Src/main.c:35:48: warning: implicit declaration of function 'abs' [-Wimplicit-function-declaration]
    inputSingalFreq = 1 / (PCLK1Period * (float)abs(CCR_values[1] - CCR_values[0]));
                                                ^~~
Finished building: ../Core/Src/main.c
 
Building target: timer_IC_2.elf
Invoking: MCU GCC Linker
arm-none-eabi-gcc -mcpu=cortex-m4 -mthumb -mfloat-abi=hard -mfpu=fpv4-sp-d16 -specs=nosys.specs -specs=nano.specs -T"../STM32F446RETx_FLASH.ld" -Wl,-Map=output.map -Wl,--gc-sections -o "timer_IC_2.elf" @"objects.list"   -lm
Finished building target: timer_IC_2.elf
 
make --no-print-directory post-build
Generating hex and Printing size information:
arm-none-eabi-objcopy -O ihex "timer_IC_2.elf" "timer_IC_2.hex"
arm-none-eabi-size "timer_IC_2.elf"
   text	   data	    bss	    dec	    hex	filename
   6252	     20	   1732	   8004	   1f44	timer_IC_2.elf
 
15:49:20 **** Incremental Build of configuration Debug for project timer_IC_2 ****
make -j8 all 
Building file: ../Core/Src/main.c
Invoking: MCU GCC Compiler
C:\Users\aaron\Desktop\git_udemy_MCU2\My_workspace\timer_IC_2\Debug
arm-none-eabi-gcc -mcpu=cortex-m4 -mthumb -mfloat-abi=hard -mfpu=fpv4-sp-d16 -DUSE_HAL_DRIVER -DSTM32F446xx -I"C:/Users/aaron/Desktop/git_udemy_MCU2/My_workspace/timer_IC_2/Core/Inc" -I"C:/Users/aaron/Desktop/git_udemy_MCU2/My_workspace/timer_IC_2/Drivers/STM32F4xx_HAL_Driver/Inc" -I"C:/Users/aaron/Desktop/git_udemy_MCU2/My_workspace/timer_IC_2/Drivers/STM32F4xx_HAL_Driver/Inc/Legacy" -I"C:/Users/aaron/Desktop/git_udemy_MCU2/My_workspace/timer_IC_2/Drivers/CMSIS/Device/ST/STM32F4xx/Include" -I"C:/Users/aaron/Desktop/git_udemy_MCU2/My_workspace/timer_IC_2/Drivers/CMSIS/Include"  -O0 -g3 -Wall -fmessage-length=0 -ffunction-sections -c -fmessage-length=0 -MMD -MP -MF"Core/Src/main.d" -MT"Core/Src/main.o" -o "Core/Src/main.o" "../Core/Src/main.c"
../Core/Src/main.c: In function 'main':
../Core/Src/main.c:35:48: warning: implicit declaration of function 'abs' [-Wimplicit-function-declaration]
    inputSingalFreq = 1 / (PCLK1Period * (float)abs(CCR_values[1] - CCR_values[0]));
                                                ^~~
Finished building: ../Core/Src/main.c
 
Building target: timer_IC_2.elf
Invoking: MCU GCC Linker
arm-none-eabi-gcc -mcpu=cortex-m4 -mthumb -mfloat-abi=hard -mfpu=fpv4-sp-d16 -specs=nosys.specs -specs=nano.specs -T"../STM32F446RETx_FLASH.ld" -Wl,-Map=output.map -Wl,--gc-sections -o "timer_IC_2.elf" @"objects.list"   -lm
Finished building target: timer_IC_2.elf
 
make --no-print-directory post-build
Generating hex and Printing size information:
arm-none-eabi-objcopy -O ihex "timer_IC_2.elf" "timer_IC_2.hex"
arm-none-eabi-size "timer_IC_2.elf"
   text	   data	    bss	    dec	    hex	filename
   6244	     20	   1732	   7996	   1f3c	timer_IC_2.elf
 
15:53:34 **** Incremental Build of configuration Debug for project timer_IC_2 ****
make -j8 all 
Building file: ../Core/Src/main.c
Invoking: MCU GCC Compiler
C:\Users\aaron\Desktop\git_udemy_MCU2\My_workspace\timer_IC_2\Debug
arm-none-eabi-gcc -mcpu=cortex-m4 -mthumb -mfloat-abi=hard -mfpu=fpv4-sp-d16 -DUSE_HAL_DRIVER -DSTM32F446xx -I"C:/Users/aaron/Desktop/git_udemy_MCU2/My_workspace/timer_IC_2/Core/Inc" -I"C:/Users/aaron/Desktop/git_udemy_MCU2/My_workspace/timer_IC_2/Drivers/STM32F4xx_HAL_Driver/Inc" -I"C:/Users/aaron/Desktop/git_udemy_MCU2/My_workspace/timer_IC_2/Drivers/STM32F4xx_HAL_Driver/Inc/Legacy" -I"C:/Users/aaron/Desktop/git_udemy_MCU2/My_workspace/timer_IC_2/Drivers/CMSIS/Device/ST/STM32F4xx/Include" -I"C:/Users/aaron/Desktop/git_udemy_MCU2/My_workspace/timer_IC_2/Drivers/CMSIS/Include"  -O0 -g3 -Wall -fmessage-length=0 -ffunction-sections -c -fmessage-length=0 -MMD -MP -MF"Core/Src/main.d" -MT"Core/Src/main.o" -o "Core/Src/main.o" "../Core/Src/main.c"
../Core/Src/main.c: In function 'main':
../Core/Src/main.c:35:48: warning: implicit declaration of function 'abs' [-Wimplicit-function-declaration]
    inputSingalFreq = 1 / (PCLK1Period * (float)abs(CCR_values[1] - CCR_values[0]));
                                                ^~~
Finished building: ../Core/Src/main.c
 
Building target: timer_IC_2.elf
Invoking: MCU GCC Linker
arm-none-eabi-gcc -mcpu=cortex-m4 -mthumb -mfloat-abi=hard -mfpu=fpv4-sp-d16 -specs=nosys.specs -specs=nano.specs -T"../STM32F446RETx_FLASH.ld" -Wl,-Map=output.map -Wl,--gc-sections -o "timer_IC_2.elf" @"objects.list"   -lm
Finished building target: timer_IC_2.elf
 
make --no-print-directory post-build
Generating hex and Printing size information:
arm-none-eabi-objcopy -O ihex "timer_IC_2.elf" "timer_IC_2.hex"
arm-none-eabi-size "timer_IC_2.elf"
   text	   data	    bss	    dec	    hex	filename
   6252	     20	   1732	   8004	   1f44	timer_IC_2.elf
 
15:56:23 **** Incremental Build of configuration Debug for project timer_IC_2 ****
make -j8 all 
Building file: ../Core/Src/main.c
Invoking: MCU GCC Compiler
C:\Users\aaron\Desktop\git_udemy_MCU2\My_workspace\timer_IC_2\Debug
arm-none-eabi-gcc -mcpu=cortex-m4 -mthumb -mfloat-abi=hard -mfpu=fpv4-sp-d16 -DUSE_HAL_DRIVER -DSTM32F446xx -I"C:/Users/aaron/Desktop/git_udemy_MCU2/My_workspace/timer_IC_2/Core/Inc" -I"C:/Users/aaron/Desktop/git_udemy_MCU2/My_workspace/timer_IC_2/Drivers/STM32F4xx_HAL_Driver/Inc" -I"C:/Users/aaron/Desktop/git_udemy_MCU2/My_workspace/timer_IC_2/Drivers/STM32F4xx_HAL_Driver/Inc/Legacy" -I"C:/Users/aaron/Desktop/git_udemy_MCU2/My_workspace/timer_IC_2/Drivers/CMSIS/Device/ST/STM32F4xx/Include" -I"C:/Users/aaron/Desktop/git_udemy_MCU2/My_workspace/timer_IC_2/Drivers/CMSIS/Include"  -O0 -g3 -Wall -fmessage-length=0 -ffunction-sections -c -fmessage-length=0 -MMD -MP -MF"Core/Src/main.d" -MT"Core/Src/main.o" -o "Core/Src/main.o" "../Core/Src/main.c"
../Core/Src/main.c: In function 'main':
../Core/Src/main.c:35:48: warning: implicit declaration of function 'abs' [-Wimplicit-function-declaration]
    inputSingalFreq = 1 / (PCLK1Period * (float)abs(CCR_values[1] - CCR_values[0]));
                                                ^~~
Finished building: ../Core/Src/main.c
 
Building target: timer_IC_2.elf
Invoking: MCU GCC Linker
arm-none-eabi-gcc -mcpu=cortex-m4 -mthumb -mfloat-abi=hard -mfpu=fpv4-sp-d16 -specs=nosys.specs -specs=nano.specs -T"../STM32F446RETx_FLASH.ld" -Wl,-Map=output.map -Wl,--gc-sections -o "timer_IC_2.elf" @"objects.list"   -lm
Finished building target: timer_IC_2.elf
 
make --no-print-directory post-build
Generating hex and Printing size information:
arm-none-eabi-objcopy -O ihex "timer_IC_2.elf" "timer_IC_2.hex"
arm-none-eabi-size "timer_IC_2.elf"
   text	   data	    bss	    dec	    hex	filename
   6252	     20	   1732	   8004	   1f44	timer_IC_2.elf
 
15:57:20 **** Incremental Build of configuration Debug for project timer_IC_2 ****
make -j8 all 
Building target: timer_IC_2.elf
Invoking: MCU GCC Linker
arm-none-eabi-gcc -mcpu=cortex-m4 -mthumb -mfloat-abi=hard -mfpu=fpv4-sp-d16 -specs=nosys.specs -specs=nano.specs -T"../STM32F446RETx_FLASH.ld" -Wl,-Map=output.map -Wl,--gc-sections -o "timer_IC_2.elf" @"objects.list"   -lm
Finished building target: timer_IC_2.elf
 
make --no-print-directory post-build
Generating hex and Printing size information:
arm-none-eabi-objcopy -O ihex "timer_IC_2.elf" "timer_IC_2.hex"
arm-none-eabi-size "timer_IC_2.elf"
   text	   data	    bss	    dec	    hex	filename
   6252	     20	   1732	   8004	   1f44	timer_IC_2.elf
 
15:57:36 **** Incremental Build of configuration Debug for project timer_IC_2 ****
make -j8 all 
make: Nothing to be done for 'all'.
15:59:12 **** Incremental Build of configuration Debug for project timer_IC_2 ****
make -j8 all 
Building file: ../Core/Src/main.c
Invoking: MCU GCC Compiler
C:\Users\aaron\Desktop\git_udemy_MCU2\My_workspace\timer_IC_2\Debug
arm-none-eabi-gcc -mcpu=cortex-m4 -mthumb -mfloat-abi=hard -mfpu=fpv4-sp-d16 -DUSE_HAL_DRIVER -DSTM32F446xx -I"C:/Users/aaron/Desktop/git_udemy_MCU2/My_workspace/timer_IC_2/Core/Inc" -I"C:/Users/aaron/Desktop/git_udemy_MCU2/My_workspace/timer_IC_2/Drivers/STM32F4xx_HAL_Driver/Inc" -I"C:/Users/aaron/Desktop/git_udemy_MCU2/My_workspace/timer_IC_2/Drivers/STM32F4xx_HAL_Driver/Inc/Legacy" -I"C:/Users/aaron/Desktop/git_udemy_MCU2/My_workspace/timer_IC_2/Drivers/CMSIS/Device/ST/STM32F4xx/Include" -I"C:/Users/aaron/Desktop/git_udemy_MCU2/My_workspace/timer_IC_2/Drivers/CMSIS/Include"  -O0 -g3 -Wall -fmessage-length=0 -ffunction-sections -c -fmessage-length=0 -MMD -MP -MF"Core/Src/main.d" -MT"Core/Src/main.o" -o "Core/Src/main.o" "../Core/Src/main.c"
../Core/Src/main.c: In function 'main':
../Core/Src/main.c:35:48: warning: implicit declaration of function 'abs' [-Wimplicit-function-declaration]
    inputSingalFreq = 1 / (PCLK1Period * (float)abs(CCR_values[1] - CCR_values[0]));
                                                ^~~
Finished building: ../Core/Src/main.c
 
Building target: timer_IC_2.elf
Invoking: MCU GCC Linker
arm-none-eabi-gcc -mcpu=cortex-m4 -mthumb -mfloat-abi=hard -mfpu=fpv4-sp-d16 -specs=nosys.specs -specs=nano.specs -T"../STM32F446RETx_FLASH.ld" -Wl,-Map=output.map -Wl,--gc-sections -o "timer_IC_2.elf" @"objects.list"   -lm
Finished building target: timer_IC_2.elf
 
make --no-print-directory post-build
Generating hex and Printing size information:
arm-none-eabi-objcopy -O ihex "timer_IC_2.elf" "timer_IC_2.hex"
arm-none-eabi-size "timer_IC_2.elf"
   text	   data	    bss	    dec	    hex	filename
   6252	     20	   1732	   8004	   1f44	timer_IC_2.elf
 
16:00:14 **** Incremental Build of configuration Debug for project timer_IC_2 ****
make -j8 all 
make: Nothing to be done for 'all'.
16:02:22 **** Incremental Build of configuration Debug for project timer_IC_2 ****
make -j8 all 
Building file: ../Core/Src/main.c
Building file: ../Core/Src/it.c
Invoking: MCU GCC Compiler
Invoking: MCU GCC Compiler
C:\Users\aaron\Desktop\git_udemy_MCU2\My_workspace\timer_IC_2\Debug
arm-none-eabi-gcc -mcpu=cortex-m4 -mthumb -mfloat-abi=hard -mfpu=fpv4-sp-d16 -DUSE_HAL_DRIVER -DSTM32F446xx -I"C:/Users/aaron/Desktop/git_udemy_MCU2/My_workspace/timer_IC_2/Core/Inc" -I"C:/Users/aaron/Desktop/git_udemy_MCU2/My_workspace/timer_IC_2/Drivers/STM32F4xx_HAL_Driver/Inc" -I"C:/Users/aaron/Desktop/git_udemy_MCU2/My_workspace/timer_IC_2/Drivers/STM32F4xx_HAL_Driver/Inc/Legacy" -I"C:/Users/aaron/Desktop/git_udemy_MCU2/My_workspace/timer_IC_2/Drivers/CMSIS/Device/ST/STM32F4xx/Include" -I"C:/Users/aaron/Desktop/git_udemy_MCU2/My_workspace/timer_IC_2/Drivers/CMSIS/Include"  -O0 -g3 -Wall -fmessage-length=0 -ffunction-sections -c -fmessage-length=0 -MMD -MP -MF"Core/Src/it.d" -MT"Core/Src/it.o" -o "Core/Src/it.o" "../Core/Src/it.c"
C:\Users\aaron\Desktop\git_udemy_MCU2\My_workspace\timer_IC_2\Debug
arm-none-eabi-gcc -mcpu=cortex-m4 -mthumb -mfloat-abi=hard -mfpu=fpv4-sp-d16 -DUSE_HAL_DRIVER -DSTM32F446xx -I"C:/Users/aaron/Desktop/git_udemy_MCU2/My_workspace/timer_IC_2/Core/Inc" -I"C:/Users/aaron/Desktop/git_udemy_MCU2/My_workspace/timer_IC_2/Drivers/STM32F4xx_HAL_Driver/Inc" -I"C:/Users/aaron/Desktop/git_udemy_MCU2/My_workspace/timer_IC_2/Drivers/STM32F4xx_HAL_Driver/Inc/Legacy" -I"C:/Users/aaron/Desktop/git_udemy_MCU2/My_workspace/timer_IC_2/Drivers/CMSIS/Device/ST/STM32F4xx/Include" -I"C:/Users/aaron/Desktop/git_udemy_MCU2/My_workspace/timer_IC_2/Drivers/CMSIS/Include"  -O0 -g3 -Wall -fmessage-length=0 -ffunction-sections -c -fmessage-length=0 -MMD -MP -MF"Core/Src/main.d" -MT"Core/Src/main.o" -o "Core/Src/main.o" "../Core/Src/main.c"
../Core/Src/main.c: In function 'main':
../Core/Src/main.c:35:48: warning: implicit declaration of function 'abs' [-Wimplicit-function-declaration]
    inputSingalFreq = 1 / (PCLK1Period * (float)abs(CCR_values[1] - CCR_values[0]));
                                                ^~~
Finished building: ../Core/Src/it.c
 
Finished building: ../Core/Src/main.c
 
Building target: timer_IC_2.elf
Invoking: MCU GCC Linker
arm-none-eabi-gcc -mcpu=cortex-m4 -mthumb -mfloat-abi=hard -mfpu=fpv4-sp-d16 -specs=nosys.specs -specs=nano.specs -T"../STM32F446RETx_FLASH.ld" -Wl,-Map=output.map -Wl,--gc-sections -o "timer_IC_2.elf" @"objects.list"   -lm
Finished building target: timer_IC_2.elf
 
make --no-print-directory post-build
Generating hex and Printing size information:
arm-none-eabi-objcopy -O ihex "timer_IC_2.elf" "timer_IC_2.hex"
arm-none-eabi-size "timer_IC_2.elf"
   text	   data	    bss	    dec	    hex	filename
   6256	     20	   1732	   8008	   1f48	timer_IC_2.elf
 
16:02:30 **** Incremental Build of configuration Debug for project timer_IC_2 ****
make -j8 all 
Building target: timer_IC_2.elf
Invoking: MCU GCC Linker
arm-none-eabi-gcc -mcpu=cortex-m4 -mthumb -mfloat-abi=hard -mfpu=fpv4-sp-d16 -specs=nosys.specs -specs=nano.specs -T"../STM32F446RETx_FLASH.ld" -Wl,-Map=output.map -Wl,--gc-sections -o "timer_IC_2.elf" @"objects.list"   -lm
Finished building target: timer_IC_2.elf
 
make --no-print-directory post-build
Generating hex and Printing size information:
arm-none-eabi-objcopy -O ihex "timer_IC_2.elf" "timer_IC_2.hex"
arm-none-eabi-size "timer_IC_2.elf"
   text	   data	    bss	    dec	    hex	filename
   6256	     20	   1732	   8008	   1f48	timer_IC_2.elf
 
16:03:19 **** Incremental Build of configuration Debug for project timer_IC_2 ****
make -j8 all 
make: Nothing to be done for 'all'.
16:08:48 **** Incremental Build of configuration Debug for project timer_IC_2 ****
make -j8 all 
Building file: ../Core/Src/main.c
Invoking: MCU GCC Compiler
C:\Users\aaron\Desktop\git_udemy_MCU2\My_workspace\timer_IC_2\Debug
arm-none-eabi-gcc -mcpu=cortex-m4 -mthumb -mfloat-abi=hard -mfpu=fpv4-sp-d16 -DUSE_HAL_DRIVER -DSTM32F446xx -I"C:/Users/aaron/Desktop/git_udemy_MCU2/My_workspace/timer_IC_2/Core/Inc" -I"C:/Users/aaron/Desktop/git_udemy_MCU2/My_workspace/timer_IC_2/Drivers/STM32F4xx_HAL_Driver/Inc" -I"C:/Users/aaron/Desktop/git_udemy_MCU2/My_workspace/timer_IC_2/Drivers/STM32F4xx_HAL_Driver/Inc/Legacy" -I"C:/Users/aaron/Desktop/git_udemy_MCU2/My_workspace/timer_IC_2/Drivers/CMSIS/Device/ST/STM32F4xx/Include" -I"C:/Users/aaron/Desktop/git_udemy_MCU2/My_workspace/timer_IC_2/Drivers/CMSIS/Include"  -O0 -g3 -Wall -fmessage-length=0 -ffunction-sections -c -fmessage-length=0 -MMD -MP -MF"Core/Src/main.d" -MT"Core/Src/main.o" -o "Core/Src/main.o" "../Core/Src/main.c"
../Core/Src/main.c: In function 'main':
../Core/Src/main.c:35:48: warning: implicit declaration of function 'abs' [-Wimplicit-function-declaration]
    inputSingalFreq = 1 / (PCLK1Period * (float)abs(CCR_values[1] - CCR_values[0]));
                                                ^~~
Finished building: ../Core/Src/main.c
 
Building target: timer_IC_2.elf
Invoking: MCU GCC Linker
arm-none-eabi-gcc -mcpu=cortex-m4 -mthumb -mfloat-abi=hard -mfpu=fpv4-sp-d16 -specs=nosys.specs -specs=nano.specs -T"../STM32F446RETx_FLASH.ld" -Wl,-Map=output.map -Wl,--gc-sections -o "timer_IC_2.elf" @"objects.list"   -lm
Finished building target: timer_IC_2.elf
 
make --no-print-directory post-build
Generating hex and Printing size information:
arm-none-eabi-objcopy -O ihex "timer_IC_2.elf" "timer_IC_2.hex"
arm-none-eabi-size "timer_IC_2.elf"
   text	   data	    bss	    dec	    hex	filename
   6256	     20	   1732	   8008	   1f48	timer_IC_2.elf
 
16:08:54 **** Incremental Build of configuration Debug for project timer_IC_2 ****
make -j8 all 
Building target: timer_IC_2.elf
Invoking: MCU GCC Linker
arm-none-eabi-gcc -mcpu=cortex-m4 -mthumb -mfloat-abi=hard -mfpu=fpv4-sp-d16 -specs=nosys.specs -specs=nano.specs -T"../STM32F446RETx_FLASH.ld" -Wl,-Map=output.map -Wl,--gc-sections -o "timer_IC_2.elf" @"objects.list"   -lm
Finished building target: timer_IC_2.elf
 
make --no-print-directory post-build
Generating hex and Printing size information:
arm-none-eabi-objcopy -O ihex "timer_IC_2.elf" "timer_IC_2.hex"
arm-none-eabi-size "timer_IC_2.elf"
   text	   data	    bss	    dec	    hex	filename
   6256	     20	   1732	   8008	   1f48	timer_IC_2.elf
 
16:11:43 **** Incremental Build of configuration Debug for project timer_IC_2 ****
make -j8 all 
Building file: ../Core/Src/main.c
Invoking: MCU GCC Compiler
C:\Users\aaron\Desktop\git_udemy_MCU2\My_workspace\timer_IC_2\Debug
arm-none-eabi-gcc -mcpu=cortex-m4 -mthumb -mfloat-abi=hard -mfpu=fpv4-sp-d16 -DUSE_HAL_DRIVER -DSTM32F446xx -I"C:/Users/aaron/Desktop/git_udemy_MCU2/My_workspace/timer_IC_2/Core/Inc" -I"C:/Users/aaron/Desktop/git_udemy_MCU2/My_workspace/timer_IC_2/Drivers/STM32F4xx_HAL_Driver/Inc" -I"C:/Users/aaron/Desktop/git_udemy_MCU2/My_workspace/timer_IC_2/Drivers/STM32F4xx_HAL_Driver/Inc/Legacy" -I"C:/Users/aaron/Desktop/git_udemy_MCU2/My_workspace/timer_IC_2/Drivers/CMSIS/Device/ST/STM32F4xx/Include" -I"C:/Users/aaron/Desktop/git_udemy_MCU2/My_workspace/timer_IC_2/Drivers/CMSIS/Include"  -O0 -g3 -Wall -fmessage-length=0 -ffunction-sections -c -fmessage-length=0 -MMD -MP -MF"Core/Src/main.d" -MT"Core/Src/main.o" -o "Core/Src/main.o" "../Core/Src/main.c"
../Core/Src/main.c: In function 'main':
../Core/Src/main.c:35:48: warning: implicit declaration of function 'abs' [-Wimplicit-function-declaration]
    inputSingalFreq = 1 / (PCLK1Period * (float)abs(CCR_values[1] - CCR_values[0]));
                                                ^~~
Finished building: ../Core/Src/main.c
 
Building target: timer_IC_2.elf
Invoking: MCU GCC Linker
arm-none-eabi-gcc -mcpu=cortex-m4 -mthumb -mfloat-abi=hard -mfpu=fpv4-sp-d16 -specs=nosys.specs -specs=nano.specs -T"../STM32F446RETx_FLASH.ld" -Wl,-Map=output.map -Wl,--gc-sections -o "timer_IC_2.elf" @"objects.list"   -lm
Finished building target: timer_IC_2.elf
 
make --no-print-directory post-build
Generating hex and Printing size information:
arm-none-eabi-objcopy -O ihex "timer_IC_2.elf" "timer_IC_2.hex"
arm-none-eabi-size "timer_IC_2.elf"
   text	   data	    bss	    dec	    hex	filename
   6256	     20	   1732	   8008	   1f48	timer_IC_2.elf
 
16:12:36 **** Incremental Build of configuration Debug for project timer_IC_2 ****
make -j8 all 
Building file: ../Core/Src/main.c
Invoking: MCU GCC Compiler
C:\Users\aaron\Desktop\git_udemy_MCU2\My_workspace\timer_IC_2\Debug
arm-none-eabi-gcc -mcpu=cortex-m4 -mthumb -mfloat-abi=hard -mfpu=fpv4-sp-d16 -DUSE_HAL_DRIVER -DSTM32F446xx -I"C:/Users/aaron/Desktop/git_udemy_MCU2/My_workspace/timer_IC_2/Core/Inc" -I"C:/Users/aaron/Desktop/git_udemy_MCU2/My_workspace/timer_IC_2/Drivers/STM32F4xx_HAL_Driver/Inc" -I"C:/Users/aaron/Desktop/git_udemy_MCU2/My_workspace/timer_IC_2/Drivers/STM32F4xx_HAL_Driver/Inc/Legacy" -I"C:/Users/aaron/Desktop/git_udemy_MCU2/My_workspace/timer_IC_2/Drivers/CMSIS/Device/ST/STM32F4xx/Include" -I"C:/Users/aaron/Desktop/git_udemy_MCU2/My_workspace/timer_IC_2/Drivers/CMSIS/Include"  -O0 -g3 -Wall -fmessage-length=0 -ffunction-sections -c -fmessage-length=0 -MMD -MP -MF"Core/Src/main.d" -MT"Core/Src/main.o" -o "Core/Src/main.o" "../Core/Src/main.c"
../Core/Src/main.c: In function 'main':
../Core/Src/main.c:35:48: warning: implicit declaration of function 'abs' [-Wimplicit-function-declaration]
    inputSingalFreq = 1 / (PCLK1Period * (float)abs(CCR_values[1] - CCR_values[0]));
                                                ^~~
Finished building: ../Core/Src/main.c
 
Building target: timer_IC_2.elf
Invoking: MCU GCC Linker
arm-none-eabi-gcc -mcpu=cortex-m4 -mthumb -mfloat-abi=hard -mfpu=fpv4-sp-d16 -specs=nosys.specs -specs=nano.specs -T"../STM32F446RETx_FLASH.ld" -Wl,-Map=output.map -Wl,--gc-sections -o "timer_IC_2.elf" @"objects.list"   -lm
Finished building target: timer_IC_2.elf
 
make --no-print-directory post-build
Generating hex and Printing size information:
arm-none-eabi-objcopy -O ihex "timer_IC_2.elf" "timer_IC_2.hex"
arm-none-eabi-size "timer_IC_2.elf"
   text	   data	    bss	    dec	    hex	filename
   6256	     20	   1732	   8008	   1f48	timer_IC_2.elf
 
16:13:42 **** Incremental Build of configuration Debug for project timer_IC_2 ****
make -j8 all 
Building file: ../Core/Src/main.c
Invoking: MCU GCC Compiler
C:\Users\aaron\Desktop\git_udemy_MCU2\My_workspace\timer_IC_2\Debug
arm-none-eabi-gcc -mcpu=cortex-m4 -mthumb -mfloat-abi=hard -mfpu=fpv4-sp-d16 -DUSE_HAL_DRIVER -DSTM32F446xx -I"C:/Users/aaron/Desktop/git_udemy_MCU2/My_workspace/timer_IC_2/Core/Inc" -I"C:/Users/aaron/Desktop/git_udemy_MCU2/My_workspace/timer_IC_2/Drivers/STM32F4xx_HAL_Driver/Inc" -I"C:/Users/aaron/Desktop/git_udemy_MCU2/My_workspace/timer_IC_2/Drivers/STM32F4xx_HAL_Driver/Inc/Legacy" -I"C:/Users/aaron/Desktop/git_udemy_MCU2/My_workspace/timer_IC_2/Drivers/CMSIS/Device/ST/STM32F4xx/Include" -I"C:/Users/aaron/Desktop/git_udemy_MCU2/My_workspace/timer_IC_2/Drivers/CMSIS/Include"  -O0 -g3 -Wall -fmessage-length=0 -ffunction-sections -c -fmessage-length=0 -MMD -MP -MF"Core/Src/main.d" -MT"Core/Src/main.o" -o "Core/Src/main.o" "../Core/Src/main.c"
../Core/Src/main.c: In function 'main':
../Core/Src/main.c:35:48: warning: implicit declaration of function 'abs' [-Wimplicit-function-declaration]
    inputSingalFreq = 1 / (PCLK1Period * (float)abs(CCR_values[1] - CCR_values[0]));
                                                ^~~
Finished building: ../Core/Src/main.c
 
Building target: timer_IC_2.elf
Invoking: MCU GCC Linker
arm-none-eabi-gcc -mcpu=cortex-m4 -mthumb -mfloat-abi=hard -mfpu=fpv4-sp-d16 -specs=nosys.specs -specs=nano.specs -T"../STM32F446RETx_FLASH.ld" -Wl,-Map=output.map -Wl,--gc-sections -o "timer_IC_2.elf" @"objects.list"   -lm
Finished building target: timer_IC_2.elf
 
make --no-print-directory post-build
Generating hex and Printing size information:
arm-none-eabi-objcopy -O ihex "timer_IC_2.elf" "timer_IC_2.hex"
arm-none-eabi-size "timer_IC_2.elf"
   text	   data	    bss	    dec	    hex	filename
   6256	     20	   1732	   8008	   1f48	timer_IC_2.elf
 
16:20:28 **** Incremental Build of configuration Debug for project timer_IC_2 ****
make -j8 all 
Building file: ../Core/Src/main.c
Invoking: MCU GCC Compiler
C:\Users\aaron\Desktop\git_udemy_MCU2\My_workspace\timer_IC_2\Debug
arm-none-eabi-gcc -mcpu=cortex-m4 -mthumb -mfloat-abi=hard -mfpu=fpv4-sp-d16 -DUSE_HAL_DRIVER -DSTM32F446xx -I"C:/Users/aaron/Desktop/git_udemy_MCU2/My_workspace/timer_IC_2/Core/Inc" -I"C:/Users/aaron/Desktop/git_udemy_MCU2/My_workspace/timer_IC_2/Drivers/STM32F4xx_HAL_Driver/Inc" -I"C:/Users/aaron/Desktop/git_udemy_MCU2/My_workspace/timer_IC_2/Drivers/STM32F4xx_HAL_Driver/Inc/Legacy" -I"C:/Users/aaron/Desktop/git_udemy_MCU2/My_workspace/timer_IC_2/Drivers/CMSIS/Device/ST/STM32F4xx/Include" -I"C:/Users/aaron/Desktop/git_udemy_MCU2/My_workspace/timer_IC_2/Drivers/CMSIS/Include"  -O0 -g3 -Wall -fmessage-length=0 -ffunction-sections -c -fmessage-length=0 -MMD -MP -MF"Core/Src/main.d" -MT"Core/Src/main.o" -o "Core/Src/main.o" "../Core/Src/main.c"
../Core/Src/main.c: In function 'main':
../Core/Src/main.c:35:48: warning: implicit declaration of function 'abs' [-Wimplicit-function-declaration]
    inputSingalFreq = 1 / (PCLK1Period * (float)abs(CCR_values[1] - CCR_values[0]));
                                                ^~~
Finished building: ../Core/Src/main.c
 
Building target: timer_IC_2.elf
Invoking: MCU GCC Linker
arm-none-eabi-gcc -mcpu=cortex-m4 -mthumb -mfloat-abi=hard -mfpu=fpv4-sp-d16 -specs=nosys.specs -specs=nano.specs -T"../STM32F446RETx_FLASH.ld" -Wl,-Map=output.map -Wl,--gc-sections -o "timer_IC_2.elf" @"objects.list"   -lm
Finished building target: timer_IC_2.elf
 
make --no-print-directory post-build
Generating hex and Printing size information:
arm-none-eabi-objcopy -O ihex "timer_IC_2.elf" "timer_IC_2.hex"
arm-none-eabi-size "timer_IC_2.elf"
   text	   data	    bss	    dec	    hex	filename
   6260	     20	   1732	   8012	   1f4c	timer_IC_2.elf
 
16:25:22 **** Incremental Build of configuration Debug for project timer_IC_2 ****
make -j8 all 
Building file: ../Core/Src/main.c
Invoking: MCU GCC Compiler
C:\Users\aaron\Desktop\git_udemy_MCU2\My_workspace\timer_IC_2\Debug
arm-none-eabi-gcc -mcpu=cortex-m4 -mthumb -mfloat-abi=hard -mfpu=fpv4-sp-d16 -DUSE_HAL_DRIVER -DSTM32F446xx -I"C:/Users/aaron/Desktop/git_udemy_MCU2/My_workspace/timer_IC_2/Core/Inc" -I"C:/Users/aaron/Desktop/git_udemy_MCU2/My_workspace/timer_IC_2/Drivers/STM32F4xx_HAL_Driver/Inc" -I"C:/Users/aaron/Desktop/git_udemy_MCU2/My_workspace/timer_IC_2/Drivers/STM32F4xx_HAL_Driver/Inc/Legacy" -I"C:/Users/aaron/Desktop/git_udemy_MCU2/My_workspace/timer_IC_2/Drivers/CMSIS/Device/ST/STM32F4xx/Include" -I"C:/Users/aaron/Desktop/git_udemy_MCU2/My_workspace/timer_IC_2/Drivers/CMSIS/Include"  -O0 -g3 -Wall -fmessage-length=0 -ffunction-sections -c -fmessage-length=0 -MMD -MP -MF"Core/Src/main.d" -MT"Core/Src/main.o" -o "Core/Src/main.o" "../Core/Src/main.c"
../Core/Src/main.c: In function 'main':
../Core/Src/main.c:35:48: warning: implicit declaration of function 'abs' [-Wimplicit-function-declaration]
    inputSingalFreq = 1 / (PCLK1Period * (float)abs(CCR_values[1] - CCR_values[0]));
                                                ^~~
Finished building: ../Core/Src/main.c
 
Building target: timer_IC_2.elf
Invoking: MCU GCC Linker
arm-none-eabi-gcc -mcpu=cortex-m4 -mthumb -mfloat-abi=hard -mfpu=fpv4-sp-d16 -specs=nosys.specs -specs=nano.specs -T"../STM32F446RETx_FLASH.ld" -Wl,-Map=output.map -Wl,--gc-sections -o "timer_IC_2.elf" @"objects.list"   -lm
Finished building target: timer_IC_2.elf
 
make --no-print-directory post-build
Generating hex and Printing size information:
arm-none-eabi-objcopy -O ihex "timer_IC_2.elf" "timer_IC_2.hex"
arm-none-eabi-size "timer_IC_2.elf"
   text	   data	    bss	    dec	    hex	filename
   6256	     20	   1732	   8008	   1f48	timer_IC_2.elf
 
16:27:49 **** Incremental Build of configuration Debug for project timer_IC_2 ****
make -j8 all 
Building file: ../Core/Src/main.c
Invoking: MCU GCC Compiler
C:\Users\aaron\Desktop\git_udemy_MCU2\My_workspace\timer_IC_2\Debug
arm-none-eabi-gcc -mcpu=cortex-m4 -mthumb -mfloat-abi=hard -mfpu=fpv4-sp-d16 -DUSE_HAL_DRIVER -DSTM32F446xx -I"C:/Users/aaron/Desktop/git_udemy_MCU2/My_workspace/timer_IC_2/Core/Inc" -I"C:/Users/aaron/Desktop/git_udemy_MCU2/My_workspace/timer_IC_2/Drivers/STM32F4xx_HAL_Driver/Inc" -I"C:/Users/aaron/Desktop/git_udemy_MCU2/My_workspace/timer_IC_2/Drivers/STM32F4xx_HAL_Driver/Inc/Legacy" -I"C:/Users/aaron/Desktop/git_udemy_MCU2/My_workspace/timer_IC_2/Drivers/CMSIS/Device/ST/STM32F4xx/Include" -I"C:/Users/aaron/Desktop/git_udemy_MCU2/My_workspace/timer_IC_2/Drivers/CMSIS/Include"  -O0 -g3 -Wall -fmessage-length=0 -ffunction-sections -c -fmessage-length=0 -MMD -MP -MF"Core/Src/main.d" -MT"Core/Src/main.o" -o "Core/Src/main.o" "../Core/Src/main.c"
../Core/Src/main.c: In function 'main':
../Core/Src/main.c:35:48: warning: implicit declaration of function 'abs' [-Wimplicit-function-declaration]
    inputSingalFreq = 1 / (PCLK1Period * (float)abs(CCR_values[1] - CCR_values[0]));
                                                ^~~
Finished building: ../Core/Src/main.c
 
Building target: timer_IC_2.elf
Invoking: MCU GCC Linker
arm-none-eabi-gcc -mcpu=cortex-m4 -mthumb -mfloat-abi=hard -mfpu=fpv4-sp-d16 -specs=nosys.specs -specs=nano.specs -T"../STM32F446RETx_FLASH.ld" -Wl,-Map=output.map -Wl,--gc-sections -o "timer_IC_2.elf" @"objects.list"   -lm
Finished building target: timer_IC_2.elf
 
make --no-print-directory post-build
Generating hex and Printing size information:
arm-none-eabi-objcopy -O ihex "timer_IC_2.elf" "timer_IC_2.hex"
arm-none-eabi-size "timer_IC_2.elf"
   text	   data	    bss	    dec	    hex	filename
   6256	     20	   1732	   8008	   1f48	timer_IC_2.elf
 
16:38:42 **** Incremental Build of configuration Debug for project timer_IC_2 ****
make -j8 all 
Building file: ../Core/Src/main.c
Building file: ../Core/Src/it.c
Invoking: MCU GCC Compiler
Invoking: MCU GCC Compiler
C:\Users\aaron\Desktop\git_udemy_MCU2\My_workspace\timer_IC_2\Debug
arm-none-eabi-gcc -mcpu=cortex-m4 -mthumb -mfloat-abi=hard -mfpu=fpv4-sp-d16 -DUSE_HAL_DRIVER -DSTM32F446xx -I"C:/Users/aaron/Desktop/git_udemy_MCU2/My_workspace/timer_IC_2/Core/Inc" -I"C:/Users/aaron/Desktop/git_udemy_MCU2/My_workspace/timer_IC_2/Drivers/STM32F4xx_HAL_Driver/Inc" -I"C:/Users/aaron/Desktop/git_udemy_MCU2/My_workspace/timer_IC_2/Drivers/STM32F4xx_HAL_Driver/Inc/Legacy" -I"C:/Users/aaron/Desktop/git_udemy_MCU2/My_workspace/timer_IC_2/Drivers/CMSIS/Device/ST/STM32F4xx/Include" -I"C:/Users/aaron/Desktop/git_udemy_MCU2/My_workspace/timer_IC_2/Drivers/CMSIS/Include"  -O0 -g3 -Wall -fmessage-length=0 -ffunction-sections -c -fmessage-length=0 -MMD -MP -MF"Core/Src/main.d" -MT"Core/Src/main.o" -o "Core/Src/main.o" "../Core/Src/main.c"
C:\Users\aaron\Desktop\git_udemy_MCU2\My_workspace\timer_IC_2\Debug
arm-none-eabi-gcc -mcpu=cortex-m4 -mthumb -mfloat-abi=hard -mfpu=fpv4-sp-d16 -DUSE_HAL_DRIVER -DSTM32F446xx -I"C:/Users/aaron/Desktop/git_udemy_MCU2/My_workspace/timer_IC_2/Core/Inc" -I"C:/Users/aaron/Desktop/git_udemy_MCU2/My_workspace/timer_IC_2/Drivers/STM32F4xx_HAL_Driver/Inc" -I"C:/Users/aaron/Desktop/git_udemy_MCU2/My_workspace/timer_IC_2/Drivers/STM32F4xx_HAL_Driver/Inc/Legacy" -I"C:/Users/aaron/Desktop/git_udemy_MCU2/My_workspace/timer_IC_2/Drivers/CMSIS/Device/ST/STM32F4xx/Include" -I"C:/Users/aaron/Desktop/git_udemy_MCU2/My_workspace/timer_IC_2/Drivers/CMSIS/Include"  -O0 -g3 -Wall -fmessage-length=0 -ffunction-sections -c -fmessage-length=0 -MMD -MP -MF"Core/Src/it.d" -MT"Core/Src/it.o" -o "Core/Src/it.o" "../Core/Src/it.c"
../Core/Src/main.c: In function 'main':
../Core/Src/main.c:35:48: warning: implicit declaration of function 'abs' [-Wimplicit-function-declaration]
    inputSingalFreq = 1 / (PCLK1Period * (float)abs(CCR_values[1] - CCR_values[0]));
                                                ^~~
Finished building: ../Core/Src/it.c
 
Finished building: ../Core/Src/main.c
 
Building target: timer_IC_2.elf
Invoking: MCU GCC Linker
arm-none-eabi-gcc -mcpu=cortex-m4 -mthumb -mfloat-abi=hard -mfpu=fpv4-sp-d16 -specs=nosys.specs -specs=nano.specs -T"../STM32F446RETx_FLASH.ld" -Wl,-Map=output.map -Wl,--gc-sections -o "timer_IC_2.elf" @"objects.list"   -lm
Finished building target: timer_IC_2.elf
 
make --no-print-directory post-build
Generating hex and Printing size information:
arm-none-eabi-objcopy -O ihex "timer_IC_2.elf" "timer_IC_2.hex"
arm-none-eabi-size "timer_IC_2.elf"
   text	   data	    bss	    dec	    hex	filename
   6252	     20	   1732	   8004	   1f44	timer_IC_2.elf
 
16:40:20 **** Incremental Build of configuration Debug for project timer_IC_2 ****
make -j8 all 
Building file: ../Core/Src/main.c
Invoking: MCU GCC Compiler
C:\Users\aaron\Desktop\git_udemy_MCU2\My_workspace\timer_IC_2\Debug
arm-none-eabi-gcc -mcpu=cortex-m4 -mthumb -mfloat-abi=hard -mfpu=fpv4-sp-d16 -DUSE_HAL_DRIVER -DSTM32F446xx -I"C:/Users/aaron/Desktop/git_udemy_MCU2/My_workspace/timer_IC_2/Core/Inc" -I"C:/Users/aaron/Desktop/git_udemy_MCU2/My_workspace/timer_IC_2/Drivers/STM32F4xx_HAL_Driver/Inc" -I"C:/Users/aaron/Desktop/git_udemy_MCU2/My_workspace/timer_IC_2/Drivers/STM32F4xx_HAL_Driver/Inc/Legacy" -I"C:/Users/aaron/Desktop/git_udemy_MCU2/My_workspace/timer_IC_2/Drivers/CMSIS/Device/ST/STM32F4xx/Include" -I"C:/Users/aaron/Desktop/git_udemy_MCU2/My_workspace/timer_IC_2/Drivers/CMSIS/Include"  -O0 -g3 -Wall -fmessage-length=0 -ffunction-sections -c -fmessage-length=0 -MMD -MP -MF"Core/Src/main.d" -MT"Core/Src/main.o" -o "Core/Src/main.o" "../Core/Src/main.c"
../Core/Src/main.c: In function 'main':
../Core/Src/main.c:35:48: warning: implicit declaration of function 'abs' [-Wimplicit-function-declaration]
    inputSingalFreq = 1 / (PCLK1Period * (float)abs(CCR_values[1] - CCR_values[0]));
                                                ^~~
Finished building: ../Core/Src/main.c
 
Building target: timer_IC_2.elf
Invoking: MCU GCC Linker
arm-none-eabi-gcc -mcpu=cortex-m4 -mthumb -mfloat-abi=hard -mfpu=fpv4-sp-d16 -specs=nosys.specs -specs=nano.specs -T"../STM32F446RETx_FLASH.ld" -Wl,-Map=output.map -Wl,--gc-sections -o "timer_IC_2.elf" @"objects.list"   -lm
Finished building target: timer_IC_2.elf
 
make --no-print-directory post-build
Generating hex and Printing size information:
arm-none-eabi-objcopy -O ihex "timer_IC_2.elf" "timer_IC_2.hex"
arm-none-eabi-size "timer_IC_2.elf"
   text	   data	    bss	    dec	    hex	filename
   6252	     20	   1732	   8004	   1f44	timer_IC_2.elf
 
16:42:42 **** Incremental Build of configuration Debug for project timer_IC_2 ****
make -j8 all 
Building file: ../Core/Src/main.c
Invoking: MCU GCC Compiler
C:\Users\aaron\Desktop\git_udemy_MCU2\My_workspace\timer_IC_2\Debug
arm-none-eabi-gcc -mcpu=cortex-m4 -mthumb -mfloat-abi=hard -mfpu=fpv4-sp-d16 -DUSE_HAL_DRIVER -DSTM32F446xx -I"C:/Users/aaron/Desktop/git_udemy_MCU2/My_workspace/timer_IC_2/Core/Inc" -I"C:/Users/aaron/Desktop/git_udemy_MCU2/My_workspace/timer_IC_2/Drivers/STM32F4xx_HAL_Driver/Inc" -I"C:/Users/aaron/Desktop/git_udemy_MCU2/My_workspace/timer_IC_2/Drivers/STM32F4xx_HAL_Driver/Inc/Legacy" -I"C:/Users/aaron/Desktop/git_udemy_MCU2/My_workspace/timer_IC_2/Drivers/CMSIS/Device/ST/STM32F4xx/Include" -I"C:/Users/aaron/Desktop/git_udemy_MCU2/My_workspace/timer_IC_2/Drivers/CMSIS/Include"  -O0 -g3 -Wall -fmessage-length=0 -ffunction-sections -c -fmessage-length=0 -MMD -MP -MF"Core/Src/main.d" -MT"Core/Src/main.o" -o "Core/Src/main.o" "../Core/Src/main.c"
../Core/Src/main.c: In function 'main':
../Core/Src/main.c:35:48: warning: implicit declaration of function 'abs' [-Wimplicit-function-declaration]
    inputSingalFreq = 1 / (PCLK1Period * (float)abs(CCR_values[1] - CCR_values[0]));
                                                ^~~
../Core/Src/main.c: In function 'TIM6_Init':
../Core/Src/main.c:57:2: error: 'pcclk1' undeclared (first use in this function); did you mean 'pclk1'?
  pcclk1 = HAL_RCC_GetPCLK1Freq();
  ^~~~~~
  pclk1
../Core/Src/main.c:57:2: note: each undeclared identifier is reported only once for each function it appears in
../Core/Src/main.c:55:8: warning: unused variable 'pclk1' [-Wunused-variable]
  float pclk1;
        ^~~~~
Core/Src/subdir.mk:30: recipe for target 'Core/Src/main.o' failed
make: *** [Core/Src/main.o] Error 1
16:42:49 **** Incremental Build of configuration Debug for project timer_IC_2 ****
make -j8 all 
Building file: ../Core/Src/main.c
Invoking: MCU GCC Compiler
C:\Users\aaron\Desktop\git_udemy_MCU2\My_workspace\timer_IC_2\Debug
arm-none-eabi-gcc -mcpu=cortex-m4 -mthumb -mfloat-abi=hard -mfpu=fpv4-sp-d16 -DUSE_HAL_DRIVER -DSTM32F446xx -I"C:/Users/aaron/Desktop/git_udemy_MCU2/My_workspace/timer_IC_2/Core/Inc" -I"C:/Users/aaron/Desktop/git_udemy_MCU2/My_workspace/timer_IC_2/Drivers/STM32F4xx_HAL_Driver/Inc" -I"C:/Users/aaron/Desktop/git_udemy_MCU2/My_workspace/timer_IC_2/Drivers/STM32F4xx_HAL_Driver/Inc/Legacy" -I"C:/Users/aaron/Desktop/git_udemy_MCU2/My_workspace/timer_IC_2/Drivers/CMSIS/Device/ST/STM32F4xx/Include" -I"C:/Users/aaron/Desktop/git_udemy_MCU2/My_workspace/timer_IC_2/Drivers/CMSIS/Include"  -O0 -g3 -Wall -fmessage-length=0 -ffunction-sections -c -fmessage-length=0 -MMD -MP -MF"Core/Src/main.d" -MT"Core/Src/main.o" -o "Core/Src/main.o" "../Core/Src/main.c"
../Core/Src/main.c: In function 'main':
../Core/Src/main.c:35:48: warning: implicit declaration of function 'abs' [-Wimplicit-function-declaration]
    inputSingalFreq = 1 / (PCLK1Period * (float)abs(CCR_values[1] - CCR_values[0]));
                                                ^~~
../Core/Src/main.c: In function 'TIM6_Init':
../Core/Src/main.c:55:8: warning: variable 'pclk1' set but not used [-Wunused-but-set-variable]
  float pclk1;
        ^~~~~
Finished building: ../Core/Src/main.c
 
Building target: timer_IC_2.elf
Invoking: MCU GCC Linker
arm-none-eabi-gcc -mcpu=cortex-m4 -mthumb -mfloat-abi=hard -mfpu=fpv4-sp-d16 -specs=nosys.specs -specs=nano.specs -T"../STM32F446RETx_FLASH.ld" -Wl,-Map=output.map -Wl,--gc-sections -o "timer_IC_2.elf" @"objects.list"   -lm
Finished building target: timer_IC_2.elf
 
make --no-print-directory post-build
Generating hex and Printing size information:
arm-none-eabi-objcopy -O ihex "timer_IC_2.elf" "timer_IC_2.hex"
arm-none-eabi-size "timer_IC_2.elf"
   text	   data	    bss	    dec	    hex	filename
   6272	     20	   1732	   8024	   1f58	timer_IC_2.elf
 
16:43:16 **** Incremental Build of configuration Debug for project timer_IC_2 ****
make -j8 all 
Building file: ../Core/Src/main.c
Invoking: MCU GCC Compiler
C:\Users\aaron\Desktop\git_udemy_MCU2\My_workspace\timer_IC_2\Debug
arm-none-eabi-gcc -mcpu=cortex-m4 -mthumb -mfloat-abi=hard -mfpu=fpv4-sp-d16 -DUSE_HAL_DRIVER -DSTM32F446xx -I"C:/Users/aaron/Desktop/git_udemy_MCU2/My_workspace/timer_IC_2/Core/Inc" -I"C:/Users/aaron/Desktop/git_udemy_MCU2/My_workspace/timer_IC_2/Drivers/STM32F4xx_HAL_Driver/Inc" -I"C:/Users/aaron/Desktop/git_udemy_MCU2/My_workspace/timer_IC_2/Drivers/STM32F4xx_HAL_Driver/Inc/Legacy" -I"C:/Users/aaron/Desktop/git_udemy_MCU2/My_workspace/timer_IC_2/Drivers/CMSIS/Device/ST/STM32F4xx/Include" -I"C:/Users/aaron/Desktop/git_udemy_MCU2/My_workspace/timer_IC_2/Drivers/CMSIS/Include"  -O0 -g3 -Wall -fmessage-length=0 -ffunction-sections -c -fmessage-length=0 -MMD -MP -MF"Core/Src/main.d" -MT"Core/Src/main.o" -o "Core/Src/main.o" "../Core/Src/main.c"
../Core/Src/main.c: In function 'main':
../Core/Src/main.c:35:48: warning: implicit declaration of function 'abs' [-Wimplicit-function-declaration]
    inputSingalFreq = 1 / (PCLK1Period * (float)abs(CCR_values[1] - CCR_values[0]));
                                                ^~~
../Core/Src/main.c: In function 'TIM6_Init':
../Core/Src/main.c:55:11: warning: variable 'pclk1' set but not used [-Wunused-but-set-variable]
  uint32_t pclk1;
           ^~~~~
Finished building: ../Core/Src/main.c
 
Building target: timer_IC_2.elf
Invoking: MCU GCC Linker
arm-none-eabi-gcc -mcpu=cortex-m4 -mthumb -mfloat-abi=hard -mfpu=fpv4-sp-d16 -specs=nosys.specs -specs=nano.specs -T"../STM32F446RETx_FLASH.ld" -Wl,-Map=output.map -Wl,--gc-sections -o "timer_IC_2.elf" @"objects.list"   -lm
Finished building target: timer_IC_2.elf
 
make --no-print-directory post-build
Generating hex and Printing size information:
arm-none-eabi-objcopy -O ihex "timer_IC_2.elf" "timer_IC_2.hex"
arm-none-eabi-size "timer_IC_2.elf"
   text	   data	    bss	    dec	    hex	filename
   6264	     20	   1732	   8016	   1f50	timer_IC_2.elf
 
16:43:57 **** Incremental Build of configuration Debug for project timer_IC_2 ****
make -j8 all 
Building file: ../Core/Src/main.c
Invoking: MCU GCC Compiler
C:\Users\aaron\Desktop\git_udemy_MCU2\My_workspace\timer_IC_2\Debug
arm-none-eabi-gcc -mcpu=cortex-m4 -mthumb -mfloat-abi=hard -mfpu=fpv4-sp-d16 -DUSE_HAL_DRIVER -DSTM32F446xx -I"C:/Users/aaron/Desktop/git_udemy_MCU2/My_workspace/timer_IC_2/Core/Inc" -I"C:/Users/aaron/Desktop/git_udemy_MCU2/My_workspace/timer_IC_2/Drivers/STM32F4xx_HAL_Driver/Inc" -I"C:/Users/aaron/Desktop/git_udemy_MCU2/My_workspace/timer_IC_2/Drivers/STM32F4xx_HAL_Driver/Inc/Legacy" -I"C:/Users/aaron/Desktop/git_udemy_MCU2/My_workspace/timer_IC_2/Drivers/CMSIS/Device/ST/STM32F4xx/Include" -I"C:/Users/aaron/Desktop/git_udemy_MCU2/My_workspace/timer_IC_2/Drivers/CMSIS/Include"  -O0 -g3 -Wall -fmessage-length=0 -ffunction-sections -c -fmessage-length=0 -MMD -MP -MF"Core/Src/main.d" -MT"Core/Src/main.o" -o "Core/Src/main.o" "../Core/Src/main.c"
../Core/Src/main.c: In function 'main':
../Core/Src/main.c:35:48: warning: implicit declaration of function 'abs' [-Wimplicit-function-declaration]
    inputSingalFreq = 1 / (PCLK1Period * (float)abs(CCR_values[1] - CCR_values[0]));
                                                ^~~
../Core/Src/main.c: In function 'TIM6_Init':
../Core/Src/main.c:55:11: warning: variable 'pclk1' set but not used [-Wunused-but-set-variable]
  uint32_t pclk1;
           ^~~~~
Finished building: ../Core/Src/main.c
 
Building target: timer_IC_2.elf
Invoking: MCU GCC Linker
arm-none-eabi-gcc -mcpu=cortex-m4 -mthumb -mfloat-abi=hard -mfpu=fpv4-sp-d16 -specs=nosys.specs -specs=nano.specs -T"../STM32F446RETx_FLASH.ld" -Wl,-Map=output.map -Wl,--gc-sections -o "timer_IC_2.elf" @"objects.list"   -lm
Finished building target: timer_IC_2.elf
 
make --no-print-directory post-build
Generating hex and Printing size information:
arm-none-eabi-objcopy -O ihex "timer_IC_2.elf" "timer_IC_2.hex"
arm-none-eabi-size "timer_IC_2.elf"
   text	   data	    bss	    dec	    hex	filename
   4284	     20	   1732	   6036	   1794	timer_IC_2.elf
 
16:47:18 **** Incremental Build of configuration Debug for project timer_IC_2 ****
make -j8 all 
Building file: ../Core/Src/main.c
Invoking: MCU GCC Compiler
C:\Users\aaron\Desktop\git_udemy_MCU2\My_workspace\timer_IC_2\Debug
arm-none-eabi-gcc -mcpu=cortex-m4 -mthumb -mfloat-abi=hard -mfpu=fpv4-sp-d16 -DUSE_HAL_DRIVER -DSTM32F446xx -I"C:/Users/aaron/Desktop/git_udemy_MCU2/My_workspace/timer_IC_2/Core/Inc" -I"C:/Users/aaron/Desktop/git_udemy_MCU2/My_workspace/timer_IC_2/Drivers/STM32F4xx_HAL_Driver/Inc" -I"C:/Users/aaron/Desktop/git_udemy_MCU2/My_workspace/timer_IC_2/Drivers/STM32F4xx_HAL_Driver/Inc/Legacy" -I"C:/Users/aaron/Desktop/git_udemy_MCU2/My_workspace/timer_IC_2/Drivers/CMSIS/Device/ST/STM32F4xx/Include" -I"C:/Users/aaron/Desktop/git_udemy_MCU2/My_workspace/timer_IC_2/Drivers/CMSIS/Include"  -O0 -g3 -Wall -fmessage-length=0 -ffunction-sections -c -fmessage-length=0 -MMD -MP -MF"Core/Src/main.d" -MT"Core/Src/main.o" -o "Core/Src/main.o" "../Core/Src/main.c"
../Core/Src/main.c: In function 'main':
../Core/Src/main.c:35:48: warning: implicit declaration of function 'abs' [-Wimplicit-function-declaration]
    inputSingalFreq = 1 / (PCLK1Period * (float)abs(CCR_values[1] - CCR_values[0]));
                                                ^~~
../Core/Src/main.c: In function 'TIM6_Init':
../Core/Src/main.c:55:11: warning: variable 'pclk1' set but not used [-Wunused-but-set-variable]
  uint32_t pclk1;
           ^~~~~
Finished building: ../Core/Src/main.c
 
Building target: timer_IC_2.elf
Invoking: MCU GCC Linker
arm-none-eabi-gcc -mcpu=cortex-m4 -mthumb -mfloat-abi=hard -mfpu=fpv4-sp-d16 -specs=nosys.specs -specs=nano.specs -T"../STM32F446RETx_FLASH.ld" -Wl,-Map=output.map -Wl,--gc-sections -o "timer_IC_2.elf" @"objects.list"   -lm
Finished building target: timer_IC_2.elf
 
make --no-print-directory post-build
Generating hex and Printing size information:
arm-none-eabi-objcopy -O ihex "timer_IC_2.elf" "timer_IC_2.hex"
arm-none-eabi-size "timer_IC_2.elf"
   text	   data	    bss	    dec	    hex	filename
   4288	     20	   1732	   6040	   1798	timer_IC_2.elf
 
16:49:13 **** Incremental Build of configuration Debug for project timer_IC_2 ****
make -j8 all 
Building file: ../Core/Src/main.c
Invoking: MCU GCC Compiler
C:\Users\aaron\Desktop\git_udemy_MCU2\My_workspace\timer_IC_2\Debug
arm-none-eabi-gcc -mcpu=cortex-m4 -mthumb -mfloat-abi=hard -mfpu=fpv4-sp-d16 -DUSE_HAL_DRIVER -DSTM32F446xx -I"C:/Users/aaron/Desktop/git_udemy_MCU2/My_workspace/timer_IC_2/Core/Inc" -I"C:/Users/aaron/Desktop/git_udemy_MCU2/My_workspace/timer_IC_2/Drivers/STM32F4xx_HAL_Driver/Inc" -I"C:/Users/aaron/Desktop/git_udemy_MCU2/My_workspace/timer_IC_2/Drivers/STM32F4xx_HAL_Driver/Inc/Legacy" -I"C:/Users/aaron/Desktop/git_udemy_MCU2/My_workspace/timer_IC_2/Drivers/CMSIS/Device/ST/STM32F4xx/Include" -I"C:/Users/aaron/Desktop/git_udemy_MCU2/My_workspace/timer_IC_2/Drivers/CMSIS/Include"  -O0 -g3 -Wall -fmessage-length=0 -ffunction-sections -c -fmessage-length=0 -MMD -MP -MF"Core/Src/main.d" -MT"Core/Src/main.o" -o "Core/Src/main.o" "../Core/Src/main.c"
../Core/Src/main.c: In function 'main':
../Core/Src/main.c:35:48: warning: implicit declaration of function 'abs' [-Wimplicit-function-declaration]
    inputSingalFreq = 1 / (PCLK1Period * (float)abs(CCR_values[1] - CCR_values[0]));
                                                ^~~
../Core/Src/main.c: In function 'TIM6_Init':
../Core/Src/main.c:55:11: warning: variable 'pclk1' set but not used [-Wunused-but-set-variable]
  uint32_t pclk1;
           ^~~~~
Finished building: ../Core/Src/main.c
 
Building target: timer_IC_2.elf
Invoking: MCU GCC Linker
arm-none-eabi-gcc -mcpu=cortex-m4 -mthumb -mfloat-abi=hard -mfpu=fpv4-sp-d16 -specs=nosys.specs -specs=nano.specs -T"../STM32F446RETx_FLASH.ld" -Wl,-Map=output.map -Wl,--gc-sections -o "timer_IC_2.elf" @"objects.list"   -lm
Finished building target: timer_IC_2.elf
 
make --no-print-directory post-build
Generating hex and Printing size information:
arm-none-eabi-objcopy -O ihex "timer_IC_2.elf" "timer_IC_2.hex"
arm-none-eabi-size "timer_IC_2.elf"
   text	   data	    bss	    dec	    hex	filename
   4284	     20	   1732	   6036	   1794	timer_IC_2.elf
 
16:50:55 **** Incremental Build of configuration Debug for project timer_IC_2 ****
make -j8 all 
Building file: ../Core/Src/main.c
Invoking: MCU GCC Compiler
C:\Users\aaron\Desktop\git_udemy_MCU2\My_workspace\timer_IC_2\Debug
arm-none-eabi-gcc -mcpu=cortex-m4 -mthumb -mfloat-abi=hard -mfpu=fpv4-sp-d16 -DUSE_HAL_DRIVER -DSTM32F446xx -I"C:/Users/aaron/Desktop/git_udemy_MCU2/My_workspace/timer_IC_2/Core/Inc" -I"C:/Users/aaron/Desktop/git_udemy_MCU2/My_workspace/timer_IC_2/Drivers/STM32F4xx_HAL_Driver/Inc" -I"C:/Users/aaron/Desktop/git_udemy_MCU2/My_workspace/timer_IC_2/Drivers/STM32F4xx_HAL_Driver/Inc/Legacy" -I"C:/Users/aaron/Desktop/git_udemy_MCU2/My_workspace/timer_IC_2/Drivers/CMSIS/Device/ST/STM32F4xx/Include" -I"C:/Users/aaron/Desktop/git_udemy_MCU2/My_workspace/timer_IC_2/Drivers/CMSIS/Include"  -O0 -g3 -Wall -fmessage-length=0 -ffunction-sections -c -fmessage-length=0 -MMD -MP -MF"Core/Src/main.d" -MT"Core/Src/main.o" -o "Core/Src/main.o" "../Core/Src/main.c"
../Core/Src/main.c: In function 'main':
../Core/Src/main.c:35:48: warning: implicit declaration of function 'abs' [-Wimplicit-function-declaration]
    inputSingalFreq = 1 / (PCLK1Period * (float)abs(CCR_values[1] - CCR_values[0]));
                                                ^~~
../Core/Src/main.c: In function 'TIM6_Init':
../Core/Src/main.c:55:11: warning: variable 'pclk1' set but not used [-Wunused-but-set-variable]
  uint32_t pclk1;
           ^~~~~
Finished building: ../Core/Src/main.c
 
Building target: timer_IC_2.elf
Invoking: MCU GCC Linker
arm-none-eabi-gcc -mcpu=cortex-m4 -mthumb -mfloat-abi=hard -mfpu=fpv4-sp-d16 -specs=nosys.specs -specs=nano.specs -T"../STM32F446RETx_FLASH.ld" -Wl,-Map=output.map -Wl,--gc-sections -o "timer_IC_2.elf" @"objects.list"   -lm
Finished building target: timer_IC_2.elf
 
make --no-print-directory post-build
Generating hex and Printing size information:
arm-none-eabi-objcopy -O ihex "timer_IC_2.elf" "timer_IC_2.hex"
arm-none-eabi-size "timer_IC_2.elf"
   text	   data	    bss	    dec	    hex	filename
   4284	     20	   1732	   6036	   1794	timer_IC_2.elf
 
16:53:27 **** Incremental Build of configuration Debug for project timer_IC_2 ****
make -j8 all 
Building file: ../Core/Src/main.c
Invoking: MCU GCC Compiler
C:\Users\aaron\Desktop\git_udemy_MCU2\My_workspace\timer_IC_2\Debug
arm-none-eabi-gcc -mcpu=cortex-m4 -mthumb -mfloat-abi=hard -mfpu=fpv4-sp-d16 -DUSE_HAL_DRIVER -DSTM32F446xx -I"C:/Users/aaron/Desktop/git_udemy_MCU2/My_workspace/timer_IC_2/Core/Inc" -I"C:/Users/aaron/Desktop/git_udemy_MCU2/My_workspace/timer_IC_2/Drivers/STM32F4xx_HAL_Driver/Inc" -I"C:/Users/aaron/Desktop/git_udemy_MCU2/My_workspace/timer_IC_2/Drivers/STM32F4xx_HAL_Driver/Inc/Legacy" -I"C:/Users/aaron/Desktop/git_udemy_MCU2/My_workspace/timer_IC_2/Drivers/CMSIS/Device/ST/STM32F4xx/Include" -I"C:/Users/aaron/Desktop/git_udemy_MCU2/My_workspace/timer_IC_2/Drivers/CMSIS/Include"  -O0 -g3 -Wall -fmessage-length=0 -ffunction-sections -c -fmessage-length=0 -MMD -MP -MF"Core/Src/main.d" -MT"Core/Src/main.o" -o "Core/Src/main.o" "../Core/Src/main.c"
../Core/Src/main.c: In function 'main':
../Core/Src/main.c:35:48: warning: implicit declaration of function 'abs' [-Wimplicit-function-declaration]
    inputSingalFreq = 1 / (PCLK1Period * (float)abs(CCR_values[1] - CCR_values[0]));
                                                ^~~
../Core/Src/main.c: In function 'TIM6_Init':
../Core/Src/main.c:55:11: warning: variable 'pclk1' set but not used [-Wunused-but-set-variable]
  uint32_t pclk1;
           ^~~~~
Finished building: ../Core/Src/main.c
 
Building target: timer_IC_2.elf
Invoking: MCU GCC Linker
arm-none-eabi-gcc -mcpu=cortex-m4 -mthumb -mfloat-abi=hard -mfpu=fpv4-sp-d16 -specs=nosys.specs -specs=nano.specs -T"../STM32F446RETx_FLASH.ld" -Wl,-Map=output.map -Wl,--gc-sections -o "timer_IC_2.elf" @"objects.list"   -lm
Finished building target: timer_IC_2.elf
 
make --no-print-directory post-build
Generating hex and Printing size information:
arm-none-eabi-objcopy -O ihex "timer_IC_2.elf" "timer_IC_2.hex"
arm-none-eabi-size "timer_IC_2.elf"
   text	   data	    bss	    dec	    hex	filename
   4284	     20	   1732	   6036	   1794	timer_IC_2.elf
 
16:55:07 **** Incremental Build of configuration Debug for project timer_IC_2 ****
make -j8 all 
Building file: ../Core/Src/main.c
Invoking: MCU GCC Compiler
C:\Users\aaron\Desktop\git_udemy_MCU2\My_workspace\timer_IC_2\Debug
arm-none-eabi-gcc -mcpu=cortex-m4 -mthumb -mfloat-abi=hard -mfpu=fpv4-sp-d16 -DUSE_HAL_DRIVER -DSTM32F446xx -I"C:/Users/aaron/Desktop/git_udemy_MCU2/My_workspace/timer_IC_2/Core/Inc" -I"C:/Users/aaron/Desktop/git_udemy_MCU2/My_workspace/timer_IC_2/Drivers/STM32F4xx_HAL_Driver/Inc" -I"C:/Users/aaron/Desktop/git_udemy_MCU2/My_workspace/timer_IC_2/Drivers/STM32F4xx_HAL_Driver/Inc/Legacy" -I"C:/Users/aaron/Desktop/git_udemy_MCU2/My_workspace/timer_IC_2/Drivers/CMSIS/Device/ST/STM32F4xx/Include" -I"C:/Users/aaron/Desktop/git_udemy_MCU2/My_workspace/timer_IC_2/Drivers/CMSIS/Include"  -O0 -g3 -Wall -fmessage-length=0 -ffunction-sections -c -fmessage-length=0 -MMD -MP -MF"Core/Src/main.d" -MT"Core/Src/main.o" -o "Core/Src/main.o" "../Core/Src/main.c"
../Core/Src/main.c: In function 'main':
../Core/Src/main.c:35:48: warning: implicit declaration of function 'abs' [-Wimplicit-function-declaration]
    inputSingalFreq = 1 / (PCLK1Period * (float)abs(CCR_values[1] - CCR_values[0]));
                                                ^~~
../Core/Src/main.c: In function 'TIM6_Init':
../Core/Src/main.c:55:11: warning: variable 'pclk1' set but not used [-Wunused-but-set-variable]
  uint32_t pclk1;
           ^~~~~
Finished building: ../Core/Src/main.c
 
Building target: timer_IC_2.elf
Invoking: MCU GCC Linker
arm-none-eabi-gcc -mcpu=cortex-m4 -mthumb -mfloat-abi=hard -mfpu=fpv4-sp-d16 -specs=nosys.specs -specs=nano.specs -T"../STM32F446RETx_FLASH.ld" -Wl,-Map=output.map -Wl,--gc-sections -o "timer_IC_2.elf" @"objects.list"   -lm
Finished building target: timer_IC_2.elf
 
make --no-print-directory post-build
Generating hex and Printing size information:
arm-none-eabi-objcopy -O ihex "timer_IC_2.elf" "timer_IC_2.hex"
arm-none-eabi-size "timer_IC_2.elf"
   text	   data	    bss	    dec	    hex	filename
   4284	     20	   1732	   6036	   1794	timer_IC_2.elf
 
16:55:52 **** Incremental Build of configuration Debug for project timer_IC_2 ****
make -j8 all 
Building file: ../Core/Src/main.c
Invoking: MCU GCC Compiler
C:\Users\aaron\Desktop\git_udemy_MCU2\My_workspace\timer_IC_2\Debug
arm-none-eabi-gcc -mcpu=cortex-m4 -mthumb -mfloat-abi=hard -mfpu=fpv4-sp-d16 -DUSE_HAL_DRIVER -DSTM32F446xx -I"C:/Users/aaron/Desktop/git_udemy_MCU2/My_workspace/timer_IC_2/Core/Inc" -I"C:/Users/aaron/Desktop/git_udemy_MCU2/My_workspace/timer_IC_2/Drivers/STM32F4xx_HAL_Driver/Inc" -I"C:/Users/aaron/Desktop/git_udemy_MCU2/My_workspace/timer_IC_2/Drivers/STM32F4xx_HAL_Driver/Inc/Legacy" -I"C:/Users/aaron/Desktop/git_udemy_MCU2/My_workspace/timer_IC_2/Drivers/CMSIS/Device/ST/STM32F4xx/Include" -I"C:/Users/aaron/Desktop/git_udemy_MCU2/My_workspace/timer_IC_2/Drivers/CMSIS/Include"  -O0 -g3 -Wall -fmessage-length=0 -ffunction-sections -c -fmessage-length=0 -MMD -MP -MF"Core/Src/main.d" -MT"Core/Src/main.o" -o "Core/Src/main.o" "../Core/Src/main.c"
../Core/Src/main.c: In function 'main':
../Core/Src/main.c:35:48: warning: implicit declaration of function 'abs' [-Wimplicit-function-declaration]
    inputSingalFreq = 1 / (PCLK1Period * (float)abs(CCR_values[1] - CCR_values[0]));
                                                ^~~
../Core/Src/main.c: In function 'TIM6_Init':
../Core/Src/main.c:55:11: warning: variable 'pclk1' set but not used [-Wunused-but-set-variable]
  uint32_t pclk1;
           ^~~~~
Finished building: ../Core/Src/main.c
 
Building target: timer_IC_2.elf
Invoking: MCU GCC Linker
arm-none-eabi-gcc -mcpu=cortex-m4 -mthumb -mfloat-abi=hard -mfpu=fpv4-sp-d16 -specs=nosys.specs -specs=nano.specs -T"../STM32F446RETx_FLASH.ld" -Wl,-Map=output.map -Wl,--gc-sections -o "timer_IC_2.elf" @"objects.list"   -lm
Finished building target: timer_IC_2.elf
 
make --no-print-directory post-build
Generating hex and Printing size information:
arm-none-eabi-objcopy -O ihex "timer_IC_2.elf" "timer_IC_2.hex"
arm-none-eabi-size "timer_IC_2.elf"
   text	   data	    bss	    dec	    hex	filename
   4284	     20	   1732	   6036	   1794	timer_IC_2.elf
 
16:56:26 **** Incremental Build of configuration Debug for project timer_IC_2 ****
make -j8 all 
Building file: ../Core/Src/main.c
Invoking: MCU GCC Compiler
C:\Users\aaron\Desktop\git_udemy_MCU2\My_workspace\timer_IC_2\Debug
arm-none-eabi-gcc -mcpu=cortex-m4 -mthumb -mfloat-abi=hard -mfpu=fpv4-sp-d16 -DUSE_HAL_DRIVER -DSTM32F446xx -I"C:/Users/aaron/Desktop/git_udemy_MCU2/My_workspace/timer_IC_2/Core/Inc" -I"C:/Users/aaron/Desktop/git_udemy_MCU2/My_workspace/timer_IC_2/Drivers/STM32F4xx_HAL_Driver/Inc" -I"C:/Users/aaron/Desktop/git_udemy_MCU2/My_workspace/timer_IC_2/Drivers/STM32F4xx_HAL_Driver/Inc/Legacy" -I"C:/Users/aaron/Desktop/git_udemy_MCU2/My_workspace/timer_IC_2/Drivers/CMSIS/Device/ST/STM32F4xx/Include" -I"C:/Users/aaron/Desktop/git_udemy_MCU2/My_workspace/timer_IC_2/Drivers/CMSIS/Include"  -O0 -g3 -Wall -fmessage-length=0 -ffunction-sections -c -fmessage-length=0 -MMD -MP -MF"Core/Src/main.d" -MT"Core/Src/main.o" -o "Core/Src/main.o" "../Core/Src/main.c"
../Core/Src/main.c: In function 'main':
../Core/Src/main.c:35:48: warning: implicit declaration of function 'abs' [-Wimplicit-function-declaration]
    inputSingalFreq = 1 / (PCLK1Period * (float)abs(CCR_values[1] - CCR_values[0]));
                                                ^~~
../Core/Src/main.c: In function 'TIM6_Init':
../Core/Src/main.c:55:11: warning: variable 'pclk1' set but not used [-Wunused-but-set-variable]
  uint32_t pclk1;
           ^~~~~
Finished building: ../Core/Src/main.c
 
Building target: timer_IC_2.elf
Invoking: MCU GCC Linker
arm-none-eabi-gcc -mcpu=cortex-m4 -mthumb -mfloat-abi=hard -mfpu=fpv4-sp-d16 -specs=nosys.specs -specs=nano.specs -T"../STM32F446RETx_FLASH.ld" -Wl,-Map=output.map -Wl,--gc-sections -o "timer_IC_2.elf" @"objects.list"   -lm
Finished building target: timer_IC_2.elf
 
make --no-print-directory post-build
Generating hex and Printing size information:
arm-none-eabi-objcopy -O ihex "timer_IC_2.elf" "timer_IC_2.hex"
arm-none-eabi-size "timer_IC_2.elf"
   text	   data	    bss	    dec	    hex	filename
   4284	     20	   1732	   6036	   1794	timer_IC_2.elf
 
16:58:21 **** Incremental Build of configuration Debug for project timer_IC_2 ****
make -j8 all 
Building file: ../Core/Src/main.c
Invoking: MCU GCC Compiler
C:\Users\aaron\Desktop\git_udemy_MCU2\My_workspace\timer_IC_2\Debug
arm-none-eabi-gcc -mcpu=cortex-m4 -mthumb -mfloat-abi=hard -mfpu=fpv4-sp-d16 -DUSE_HAL_DRIVER -DSTM32F446xx -I"C:/Users/aaron/Desktop/git_udemy_MCU2/My_workspace/timer_IC_2/Core/Inc" -I"C:/Users/aaron/Desktop/git_udemy_MCU2/My_workspace/timer_IC_2/Drivers/STM32F4xx_HAL_Driver/Inc" -I"C:/Users/aaron/Desktop/git_udemy_MCU2/My_workspace/timer_IC_2/Drivers/STM32F4xx_HAL_Driver/Inc/Legacy" -I"C:/Users/aaron/Desktop/git_udemy_MCU2/My_workspace/timer_IC_2/Drivers/CMSIS/Device/ST/STM32F4xx/Include" -I"C:/Users/aaron/Desktop/git_udemy_MCU2/My_workspace/timer_IC_2/Drivers/CMSIS/Include"  -O0 -g3 -Wall -fmessage-length=0 -ffunction-sections -c -fmessage-length=0 -MMD -MP -MF"Core/Src/main.d" -MT"Core/Src/main.o" -o "Core/Src/main.o" "../Core/Src/main.c"
../Core/Src/main.c: In function 'main':
../Core/Src/main.c:35:48: warning: implicit declaration of function 'abs' [-Wimplicit-function-declaration]
    inputSingalFreq = 1 / (PCLK1Period * (float)abs(CCR_values[1] - CCR_values[0]));
                                                ^~~
../Core/Src/main.c: In function 'TIM6_Init':
../Core/Src/main.c:55:11: warning: variable 'pclk1' set but not used [-Wunused-but-set-variable]
  uint32_t pclk1;
           ^~~~~
Finished building: ../Core/Src/main.c
 
Building target: timer_IC_2.elf
Invoking: MCU GCC Linker
arm-none-eabi-gcc -mcpu=cortex-m4 -mthumb -mfloat-abi=hard -mfpu=fpv4-sp-d16 -specs=nosys.specs -specs=nano.specs -T"../STM32F446RETx_FLASH.ld" -Wl,-Map=output.map -Wl,--gc-sections -o "timer_IC_2.elf" @"objects.list"   -lm
Finished building target: timer_IC_2.elf
 
make --no-print-directory post-build
Generating hex and Printing size information:
arm-none-eabi-objcopy -O ihex "timer_IC_2.elf" "timer_IC_2.hex"
arm-none-eabi-size "timer_IC_2.elf"
   text	   data	    bss	    dec	    hex	filename
   4284	     20	   1732	   6036	   1794	timer_IC_2.elf
 
17:00:10 **** Incremental Build of configuration Debug for project timer_IC_2 ****
make -j8 all 
Building file: ../Core/Src/main.c
Invoking: MCU GCC Compiler
C:\Users\aaron\Desktop\git_udemy_MCU2\My_workspace\timer_IC_2\Debug
arm-none-eabi-gcc -mcpu=cortex-m4 -mthumb -mfloat-abi=hard -mfpu=fpv4-sp-d16 -DUSE_HAL_DRIVER -DSTM32F446xx -I"C:/Users/aaron/Desktop/git_udemy_MCU2/My_workspace/timer_IC_2/Core/Inc" -I"C:/Users/aaron/Desktop/git_udemy_MCU2/My_workspace/timer_IC_2/Drivers/STM32F4xx_HAL_Driver/Inc" -I"C:/Users/aaron/Desktop/git_udemy_MCU2/My_workspace/timer_IC_2/Drivers/STM32F4xx_HAL_Driver/Inc/Legacy" -I"C:/Users/aaron/Desktop/git_udemy_MCU2/My_workspace/timer_IC_2/Drivers/CMSIS/Device/ST/STM32F4xx/Include" -I"C:/Users/aaron/Desktop/git_udemy_MCU2/My_workspace/timer_IC_2/Drivers/CMSIS/Include"  -O0 -g3 -Wall -fmessage-length=0 -ffunction-sections -c -fmessage-length=0 -MMD -MP -MF"Core/Src/main.d" -MT"Core/Src/main.o" -o "Core/Src/main.o" "../Core/Src/main.c"
../Core/Src/main.c: In function 'main':
../Core/Src/main.c:35:48: warning: implicit declaration of function 'abs' [-Wimplicit-function-declaration]
    inputSingalFreq = 1 / (PCLK1Period * (float)abs(CCR_values[1] - CCR_values[0]));
                                                ^~~
../Core/Src/main.c: In function 'TIM6_Init':
../Core/Src/main.c:55:11: warning: variable 'pclk1' set but not used [-Wunused-but-set-variable]
  uint32_t pclk1;
           ^~~~~
Finished building: ../Core/Src/main.c
 
Building target: timer_IC_2.elf
Invoking: MCU GCC Linker
arm-none-eabi-gcc -mcpu=cortex-m4 -mthumb -mfloat-abi=hard -mfpu=fpv4-sp-d16 -specs=nosys.specs -specs=nano.specs -T"../STM32F446RETx_FLASH.ld" -Wl,-Map=output.map -Wl,--gc-sections -o "timer_IC_2.elf" @"objects.list"   -lm
Finished building target: timer_IC_2.elf
 
make --no-print-directory post-build
Generating hex and Printing size information:
arm-none-eabi-objcopy -O ihex "timer_IC_2.elf" "timer_IC_2.hex"
arm-none-eabi-size "timer_IC_2.elf"
   text	   data	    bss	    dec	    hex	filename
   4284	     20	   1732	   6036	   1794	timer_IC_2.elf
 
17:19:38 **** Incremental Build of configuration Debug for project timer_IC_2 ****
make -j8 all 
Building file: ../Core/Src/main.c
Invoking: MCU GCC Compiler
C:\Users\aaron\Desktop\git_udemy_MCU2\My_workspace\timer_IC_2\Debug
arm-none-eabi-gcc -mcpu=cortex-m4 -mthumb -mfloat-abi=hard -mfpu=fpv4-sp-d16 -DUSE_HAL_DRIVER -DSTM32F446xx -I"C:/Users/aaron/Desktop/git_udemy_MCU2/My_workspace/timer_IC_2/Core/Inc" -I"C:/Users/aaron/Desktop/git_udemy_MCU2/My_workspace/timer_IC_2/Drivers/STM32F4xx_HAL_Driver/Inc" -I"C:/Users/aaron/Desktop/git_udemy_MCU2/My_workspace/timer_IC_2/Drivers/STM32F4xx_HAL_Driver/Inc/Legacy" -I"C:/Users/aaron/Desktop/git_udemy_MCU2/My_workspace/timer_IC_2/Drivers/CMSIS/Device/ST/STM32F4xx/Include" -I"C:/Users/aaron/Desktop/git_udemy_MCU2/My_workspace/timer_IC_2/Drivers/CMSIS/Include"  -O0 -g3 -Wall -fmessage-length=0 -ffunction-sections -c -fmessage-length=0 -MMD -MP -MF"Core/Src/main.d" -MT"Core/Src/main.o" -o "Core/Src/main.o" "../Core/Src/main.c"
../Core/Src/main.c: In function 'main':
../Core/Src/main.c:35:48: warning: implicit declaration of function 'abs' [-Wimplicit-function-declaration]
    inputSingalFreq = 1 / (PCLK1Period * (float)abs(CCR_values[1] - CCR_values[0]));
                                                ^~~
../Core/Src/main.c: In function 'TIM6_Init':
../Core/Src/main.c:55:11: warning: variable 'pclk1' set but not used [-Wunused-but-set-variable]
  uint32_t pclk1;
           ^~~~~
Finished building: ../Core/Src/main.c
 
Building target: timer_IC_2.elf
Invoking: MCU GCC Linker
arm-none-eabi-gcc -mcpu=cortex-m4 -mthumb -mfloat-abi=hard -mfpu=fpv4-sp-d16 -specs=nosys.specs -specs=nano.specs -T"../STM32F446RETx_FLASH.ld" -Wl,-Map=output.map -Wl,--gc-sections -o "timer_IC_2.elf" @"objects.list"   -lm
Finished building target: timer_IC_2.elf
 
make --no-print-directory post-build
Generating hex and Printing size information:
arm-none-eabi-objcopy -O ihex "timer_IC_2.elf" "timer_IC_2.hex"
arm-none-eabi-size "timer_IC_2.elf"
   text	   data	    bss	    dec	    hex	filename
   4288	     20	   1732	   6040	   1798	timer_IC_2.elf
 
17:20:28 **** Incremental Build of configuration Debug for project timer_IC_2 ****
make -j8 all 
make: Nothing to be done for 'all'.
17:20:51 **** Incremental Build of configuration Debug for project timer_IC_2 ****
make -j8 all 
Building file: ../Core/Src/main.c
Invoking: MCU GCC Compiler
C:\Users\aaron\Desktop\git_udemy_MCU2\My_workspace\timer_IC_2\Debug
arm-none-eabi-gcc -mcpu=cortex-m4 -mthumb -mfloat-abi=hard -mfpu=fpv4-sp-d16 -DUSE_HAL_DRIVER -DSTM32F446xx -I"C:/Users/aaron/Desktop/git_udemy_MCU2/My_workspace/timer_IC_2/Core/Inc" -I"C:/Users/aaron/Desktop/git_udemy_MCU2/My_workspace/timer_IC_2/Drivers/STM32F4xx_HAL_Driver/Inc" -I"C:/Users/aaron/Desktop/git_udemy_MCU2/My_workspace/timer_IC_2/Drivers/STM32F4xx_HAL_Driver/Inc/Legacy" -I"C:/Users/aaron/Desktop/git_udemy_MCU2/My_workspace/timer_IC_2/Drivers/CMSIS/Device/ST/STM32F4xx/Include" -I"C:/Users/aaron/Desktop/git_udemy_MCU2/My_workspace/timer_IC_2/Drivers/CMSIS/Include"  -O0 -g3 -Wall -fmessage-length=0 -ffunction-sections -c -fmessage-length=0 -MMD -MP -MF"Core/Src/main.d" -MT"Core/Src/main.o" -o "Core/Src/main.o" "../Core/Src/main.c"
../Core/Src/main.c: In function 'main':
../Core/Src/main.c:35:48: warning: implicit declaration of function 'abs' [-Wimplicit-function-declaration]
    inputSingalFreq = 1 / (PCLK1Period * (float)abs(CCR_values[1] - CCR_values[0]));
                                                ^~~
../Core/Src/main.c: In function 'TIM6_Init':
../Core/Src/main.c:55:11: warning: variable 'pclk1' set but not used [-Wunused-but-set-variable]
  uint32_t pclk1;
           ^~~~~
Finished building: ../Core/Src/main.c
 
Building target: timer_IC_2.elf
Invoking: MCU GCC Linker
arm-none-eabi-gcc -mcpu=cortex-m4 -mthumb -mfloat-abi=hard -mfpu=fpv4-sp-d16 -specs=nosys.specs -specs=nano.specs -T"../STM32F446RETx_FLASH.ld" -Wl,-Map=output.map -Wl,--gc-sections -o "timer_IC_2.elf" @"objects.list"   -lm
Finished building target: timer_IC_2.elf
 
make --no-print-directory post-build
Generating hex and Printing size information:
arm-none-eabi-objcopy -O ihex "timer_IC_2.elf" "timer_IC_2.hex"
arm-none-eabi-size "timer_IC_2.elf"
   text	   data	    bss	    dec	    hex	filename
   5260	     20	   1732	   7012	   1b64	timer_IC_2.elf
 
17:34:14 **** Incremental Build of configuration Debug for project timer_IC_2 ****
make -j8 all 
Building file: ../Core/Src/main.c
Invoking: MCU GCC Compiler
C:\Users\aaron\Desktop\git_udemy_MCU2\My_workspace\timer_IC_2\Debug
arm-none-eabi-gcc -mcpu=cortex-m4 -mthumb -mfloat-abi=hard -mfpu=fpv4-sp-d16 -DUSE_HAL_DRIVER -DSTM32F446xx -I"C:/Users/aaron/Desktop/git_udemy_MCU2/My_workspace/timer_IC_2/Core/Inc" -I"C:/Users/aaron/Desktop/git_udemy_MCU2/My_workspace/timer_IC_2/Drivers/STM32F4xx_HAL_Driver/Inc" -I"C:/Users/aaron/Desktop/git_udemy_MCU2/My_workspace/timer_IC_2/Drivers/STM32F4xx_HAL_Driver/Inc/Legacy" -I"C:/Users/aaron/Desktop/git_udemy_MCU2/My_workspace/timer_IC_2/Drivers/CMSIS/Device/ST/STM32F4xx/Include" -I"C:/Users/aaron/Desktop/git_udemy_MCU2/My_workspace/timer_IC_2/Drivers/CMSIS/Include"  -O0 -g3 -Wall -fmessage-length=0 -ffunction-sections -c -fmessage-length=0 -MMD -MP -MF"Core/Src/main.d" -MT"Core/Src/main.o" -o "Core/Src/main.o" "../Core/Src/main.c"
../Core/Src/main.c: In function 'main':
../Core/Src/main.c:35:48: warning: implicit declaration of function 'abs' [-Wimplicit-function-declaration]
    inputSingalFreq = 1 / (PCLK1Period * (float)abs(CCR_values[1] - CCR_values[0]));
                                                ^~~
../Core/Src/main.c: In function 'TIM6_Init':
../Core/Src/main.c:55:11: warning: variable 'pclk1' set but not used [-Wunused-but-set-variable]
  uint32_t pclk1;
           ^~~~~
Finished building: ../Core/Src/main.c
 
Building target: timer_IC_2.elf
Invoking: MCU GCC Linker
arm-none-eabi-gcc -mcpu=cortex-m4 -mthumb -mfloat-abi=hard -mfpu=fpv4-sp-d16 -specs=nosys.specs -specs=nano.specs -T"../STM32F446RETx_FLASH.ld" -Wl,-Map=output.map -Wl,--gc-sections -o "timer_IC_2.elf" @"objects.list"   -lm
Finished building target: timer_IC_2.elf
 
make --no-print-directory post-build
Generating hex and Printing size information:
arm-none-eabi-objcopy -O ihex "timer_IC_2.elf" "timer_IC_2.hex"
arm-none-eabi-size "timer_IC_2.elf"
   text	   data	    bss	    dec	    hex	filename
   6268	     20	   1732	   8020	   1f54	timer_IC_2.elf
 
17:35:17 **** Incremental Build of configuration Debug for project timer_IC_2 ****
make -j8 all 
Building file: ../Core/Src/main.c
Invoking: MCU GCC Compiler
C:\Users\aaron\Desktop\git_udemy_MCU2\My_workspace\timer_IC_2\Debug
arm-none-eabi-gcc -mcpu=cortex-m4 -mthumb -mfloat-abi=hard -mfpu=fpv4-sp-d16 -DUSE_HAL_DRIVER -DSTM32F446xx -I"C:/Users/aaron/Desktop/git_udemy_MCU2/My_workspace/timer_IC_2/Core/Inc" -I"C:/Users/aaron/Desktop/git_udemy_MCU2/My_workspace/timer_IC_2/Drivers/STM32F4xx_HAL_Driver/Inc" -I"C:/Users/aaron/Desktop/git_udemy_MCU2/My_workspace/timer_IC_2/Drivers/STM32F4xx_HAL_Driver/Inc/Legacy" -I"C:/Users/aaron/Desktop/git_udemy_MCU2/My_workspace/timer_IC_2/Drivers/CMSIS/Device/ST/STM32F4xx/Include" -I"C:/Users/aaron/Desktop/git_udemy_MCU2/My_workspace/timer_IC_2/Drivers/CMSIS/Include"  -O0 -g3 -Wall -fmessage-length=0 -ffunction-sections -c -fmessage-length=0 -MMD -MP -MF"Core/Src/main.d" -MT"Core/Src/main.o" -o "Core/Src/main.o" "../Core/Src/main.c"
../Core/Src/main.c: In function 'main':
../Core/Src/main.c:35:48: warning: implicit declaration of function 'abs' [-Wimplicit-function-declaration]
    inputSingalFreq = 1 / (PCLK1Period * (float)abs(CCR_values[1] - CCR_values[0]));
                                                ^~~
../Core/Src/main.c: In function 'TIM6_Init':
../Core/Src/main.c:55:11: warning: variable 'pclk1' set but not used [-Wunused-but-set-variable]
  uint32_t pclk1;
           ^~~~~
Finished building: ../Core/Src/main.c
 
Building target: timer_IC_2.elf
Invoking: MCU GCC Linker
arm-none-eabi-gcc -mcpu=cortex-m4 -mthumb -mfloat-abi=hard -mfpu=fpv4-sp-d16 -specs=nosys.specs -specs=nano.specs -T"../STM32F446RETx_FLASH.ld" -Wl,-Map=output.map -Wl,--gc-sections -o "timer_IC_2.elf" @"objects.list"   -lm
Finished building target: timer_IC_2.elf
 
make --no-print-directory post-build
Generating hex and Printing size information:
arm-none-eabi-objcopy -O ihex "timer_IC_2.elf" "timer_IC_2.hex"
arm-none-eabi-size "timer_IC_2.elf"
   text	   data	    bss	    dec	    hex	filename
   6268	     20	   1732	   8020	   1f54	timer_IC_2.elf
 
